{"/Users/justinecroizer/Desktop/bill-app/Billed-app-FR-Front/src/constants/routes.js": {"path":"/Users/justinecroizer/Desktop/bill-app/Billed-app-FR-Front/src/constants/routes.js","statementMap":{"0":{"start":{"line":6,"column":27},"end":{"line":11,"column":1}},"1":{"start":{"line":13,"column":22},"end":{"line":26,"column":1}},"2":{"start":{"line":14,"column":2},"end":{"line":25,"column":3}},"3":{"start":{"line":16,"column":6},"end":{"line":16,"column":46}},"4":{"start":{"line":18,"column":6},"end":{"line":18,"column":46}},"5":{"start":{"line":20,"column":6},"end":{"line":20,"column":24}},"6":{"start":{"line":22,"column":6},"end":{"line":22,"column":50}},"7":{"start":{"line":24,"column":6},"end":{"line":24,"column":46}}},"fnMap":{"0":{"name":"(anonymous_0)","decl":{"start":{"line":13,"column":22},"end":{"line":13,"column":23}},"loc":{"start":{"line":13,"column":62},"end":{"line":26,"column":1}},"line":13}},"branchMap":{"0":{"loc":{"start":{"line":14,"column":2},"end":{"line":25,"column":3}},"type":"switch","locations":[{"start":{"line":15,"column":4},"end":{"line":16,"column":46}},{"start":{"line":17,"column":4},"end":{"line":18,"column":46}},{"start":{"line":19,"column":4},"end":{"line":20,"column":24}},{"start":{"line":21,"column":4},"end":{"line":22,"column":50}},{"start":{"line":23,"column":4},"end":{"line":24,"column":46}}],"line":14}},"s":{"0":6,"1":6,"2":73,"3":18,"4":30,"5":12,"6":12,"7":1},"f":{"0":73},"b":{"0":[18,30,12,12,1]},"_coverageSchema":"1a1c01bbd47fc00a2c39e90264f33305004495a9","hash":"54823dbd6b0bf5b08d449b070dd4eef3e36ec576"}
,"/Users/justinecroizer/Desktop/bill-app/Billed-app-FR-Front/src/constants/usersTest.js": {"path":"/Users/justinecroizer/Desktop/bill-app/Billed-app-FR-Front/src/constants/usersTest.js","statementMap":{},"fnMap":{},"branchMap":{},"s":{},"f":{},"b":{},"_coverageSchema":"1a1c01bbd47fc00a2c39e90264f33305004495a9","hash":"8bd63cec027a40719413d216ef351871607d00f0"}
,"/Users/justinecroizer/Desktop/bill-app/Billed-app-FR-Front/src/containers/Bills.js": {"path":"/Users/justinecroizer/Desktop/bill-app/Billed-app-FR-Front/src/containers/Bills.js","statementMap":{"0":{"start":{"line":7,"column":4},"end":{"line":7,"column":28}},"1":{"start":{"line":8,"column":4},"end":{"line":8,"column":32}},"2":{"start":{"line":9,"column":4},"end":{"line":9,"column":22}},"3":{"start":{"line":10,"column":26},"end":{"line":10,"column":86}},"4":{"start":{"line":11,"column":4},"end":{"line":11,"column":87}},"5":{"start":{"line":11,"column":23},"end":{"line":11,"column":87}},"6":{"start":{"line":12,"column":20},"end":{"line":12,"column":76}},"7":{"start":{"line":13,"column":4},"end":{"line":15,"column":6}},"8":{"start":{"line":13,"column":17},"end":{"line":15,"column":6}},"9":{"start":{"line":14,"column":6},"end":{"line":14,"column":73}},"10":{"start":{"line":14,"column":43},"end":{"line":14,"column":72}},"11":{"start":{"line":16,"column":4},"end":{"line":16,"column":54}},"12":{"start":{"line":19,"column":23},"end":{"line":21,"column":3}},"13":{"start":{"line":20,"column":4},"end":{"line":20,"column":43}},"14":{"start":{"line":23,"column":23},"end":{"line":31,"column":3}},"15":{"start":{"line":24,"column":20},"end":{"line":24,"column":54}},"16":{"start":{"line":25,"column":21},"end":{"line":25,"column":63}},"17":{"start":{"line":26,"column":4},"end":{"line":26,"column":168}},"18":{"start":{"line":28,"column":4},"end":{"line":30,"column":5}},"19":{"start":{"line":29,"column":6},"end":{"line":29,"column":36}},"20":{"start":{"line":34,"column":13},"end":{"line":63,"column":3}},"21":{"start":{"line":35,"column":4},"end":{"line":62,"column":5}},"22":{"start":{"line":36,"column":6},"end":{"line":61,"column":10}},"23":{"start":{"line":40,"column":24},"end":{"line":59,"column":14}},"24":{"start":{"line":41,"column":29},"end":{"line":41,"column":55}},"25":{"start":{"line":43,"column":14},"end":{"line":58,"column":15}},"26":{"start":{"line":44,"column":16},"end":{"line":48,"column":17}},"27":{"start":{"line":52,"column":16},"end":{"line":52,"column":42}},"28":{"start":{"line":53,"column":16},"end":{"line":57,"column":17}},"29":{"start":{"line":60,"column":10},"end":{"line":60,"column":22}}},"fnMap":{"0":{"name":"(anonymous_0)","decl":{"start":{"line":6,"column":2},"end":{"line":6,"column":3}},"loc":{"start":{"line":6,"column":61},"end":{"line":17,"column":3}},"line":6},"1":{"name":"(anonymous_1)","decl":{"start":{"line":13,"column":33},"end":{"line":13,"column":34}},"loc":{"start":{"line":13,"column":41},"end":{"line":15,"column":5}},"line":13},"2":{"name":"(anonymous_2)","decl":{"start":{"line":14,"column":37},"end":{"line":14,"column":38}},"loc":{"start":{"line":14,"column":43},"end":{"line":14,"column":72}},"line":14},"3":{"name":"(anonymous_3)","decl":{"start":{"line":19,"column":23},"end":{"line":19,"column":24}},"loc":{"start":{"line":19,"column":29},"end":{"line":21,"column":3}},"line":19},"4":{"name":"(anonymous_4)","decl":{"start":{"line":23,"column":23},"end":{"line":23,"column":24}},"loc":{"start":{"line":23,"column":33},"end":{"line":31,"column":3}},"line":23},"5":{"name":"(anonymous_5)","decl":{"start":{"line":34,"column":13},"end":{"line":34,"column":14}},"loc":{"start":{"line":34,"column":19},"end":{"line":63,"column":3}},"line":34},"6":{"name":"(anonymous_6)","decl":{"start":{"line":39,"column":14},"end":{"line":39,"column":15}},"loc":{"start":{"line":39,"column":26},"end":{"line":61,"column":9}},"line":39},"7":{"name":"(anonymous_7)","decl":{"start":{"line":41,"column":18},"end":{"line":41,"column":19}},"loc":{"start":{"line":41,"column":29},"end":{"line":41,"column":55}},"line":41},"8":{"name":"(anonymous_8)","decl":{"start":{"line":42,"column":17},"end":{"line":42,"column":18}},"loc":{"start":{"line":42,"column":24},"end":{"line":59,"column":13}},"line":42}},"branchMap":{"0":{"loc":{"start":{"line":11,"column":4},"end":{"line":11,"column":87}},"type":"if","locations":[{"start":{"line":11,"column":4},"end":{"line":11,"column":87}},{"start":{"line":11,"column":4},"end":{"line":11,"column":87}}],"line":11},"1":{"loc":{"start":{"line":13,"column":4},"end":{"line":15,"column":6}},"type":"if","locations":[{"start":{"line":13,"column":4},"end":{"line":15,"column":6}},{"start":{"line":13,"column":4},"end":{"line":15,"column":6}}],"line":13},"2":{"loc":{"start":{"line":28,"column":4},"end":{"line":30,"column":5}},"type":"if","locations":[{"start":{"line":28,"column":4},"end":{"line":30,"column":5}},{"start":{"line":28,"column":4},"end":{"line":30,"column":5}}],"line":28},"3":{"loc":{"start":{"line":35,"column":4},"end":{"line":62,"column":5}},"type":"if","locations":[{"start":{"line":35,"column":4},"end":{"line":62,"column":5}},{"start":{"line":35,"column":4},"end":{"line":62,"column":5}}],"line":35},"4":{"loc":{"start":{"line":41,"column":29},"end":{"line":41,"column":55}},"type":"cond-expr","locations":[{"start":{"line":41,"column":49},"end":{"line":41,"column":50}},{"start":{"line":41,"column":53},"end":{"line":41,"column":55}}],"line":41}},"s":{"0":16,"1":16,"2":16,"3":16,"4":16,"5":14,"6":16,"7":16,"8":16,"9":56,"10":4,"11":16,"12":16,"13":3,"14":16,"15":6,"16":6,"17":6,"18":6,"19":2,"20":16,"21":13,"22":13,"23":0,"24":0,"25":0,"26":0,"27":0,"28":0,"29":0},"f":{"0":16,"1":56,"2":4,"3":3,"4":6,"5":13,"6":0,"7":0,"8":0},"b":{"0":[14,2],"1":[16,0],"2":[2,4],"3":[13,0],"4":[0,0]},"_coverageSchema":"1a1c01bbd47fc00a2c39e90264f33305004495a9","hash":"5b6b8d32f17112cec73a2a43a444826bee085a14"}
,"/Users/justinecroizer/Desktop/bill-app/Billed-app-FR-Front/src/containers/Dashboard.js": {"path":"/Users/justinecroizer/Desktop/bill-app/Billed-app-FR-Front/src/containers/Dashboard.js","statementMap":{"0":{"start":{"line":8,"column":29},"end":{"line":28,"column":1}},"1":{"start":{"line":9,"column":2},"end":{"line":27,"column":11}},"2":{"start":{"line":14,"column":6},"end":{"line":24,"column":7}},"3":{"start":{"line":15,"column":8},"end":{"line":15,"column":50}},"4":{"start":{"line":26,"column":6},"end":{"line":26,"column":28}},"5":{"start":{"line":30,"column":20},"end":{"line":53,"column":1}},"6":{"start":{"line":31,"column":28},"end":{"line":31,"column":52}},"7":{"start":{"line":32,"column":20},"end":{"line":33,"column":40}},"8":{"start":{"line":34,"column":19},"end":{"line":35,"column":53}},"9":{"start":{"line":37,"column":2},"end":{"line":52,"column":4}},"10":{"start":{"line":55,"column":21},"end":{"line":57,"column":1}},"11":{"start":{"line":56,"column":2},"end":{"line":56,"column":76}},"12":{"start":{"line":56,"column":51},"end":{"line":56,"column":61}},"13":{"start":{"line":59,"column":25},"end":{"line":68,"column":1}},"14":{"start":{"line":60,"column":2},"end":{"line":67,"column":3}},"15":{"start":{"line":62,"column":6},"end":{"line":62,"column":22}},"16":{"start":{"line":64,"column":6},"end":{"line":64,"column":23}},"17":{"start":{"line":66,"column":6},"end":{"line":66,"column":22}},"18":{"start":{"line":72,"column":4},"end":{"line":72,"column":28}},"19":{"start":{"line":73,"column":4},"end":{"line":73,"column":32}},"20":{"start":{"line":74,"column":4},"end":{"line":74,"column":22}},"21":{"start":{"line":75,"column":4},"end":{"line":75,"column":71}},"22":{"start":{"line":75,"column":35},"end":{"line":75,"column":70}},"23":{"start":{"line":76,"column":4},"end":{"line":76,"column":71}},"24":{"start":{"line":76,"column":35},"end":{"line":76,"column":70}},"25":{"start":{"line":77,"column":4},"end":{"line":77,"column":71}},"26":{"start":{"line":77,"column":35},"end":{"line":77,"column":70}},"27":{"start":{"line":78,"column":4},"end":{"line":78,"column":44}},"28":{"start":{"line":81,"column":23},"end":{"line":86,"column":3}},"29":{"start":{"line":82,"column":20},"end":{"line":82,"column":58}},"30":{"start":{"line":83,"column":21},"end":{"line":83,"column":69}},"31":{"start":{"line":84,"column":4},"end":{"line":84,"column":144}},"32":{"start":{"line":85,"column":4},"end":{"line":85,"column":96}},"33":{"start":{"line":85,"column":60},"end":{"line":85,"column":96}},"34":{"start":{"line":119,"column":16},"end":{"line":119,"column":35}},"35":{"start":{"line":120,"column":4},"end":{"line":120,"column":75}},"36":{"start":{"line":120,"column":59},"end":{"line":120,"column":75}},"37":{"start":{"line":121,"column":4},"end":{"line":121,"column":71}},"38":{"start":{"line":121,"column":54},"end":{"line":121,"column":71}},"39":{"start":{"line":122,"column":4},"end":{"line":141,"column":5}},"40":{"start":{"line":124,"column":4},"end":{"line":126,"column":6}},"41":{"start":{"line":125,"column":6},"end":{"line":125,"column":57}},"42":{"start":{"line":127,"column":4},"end":{"line":127,"column":58}},"43":{"start":{"line":128,"column":4},"end":{"line":128,"column":67}},"44":{"start":{"line":129,"column":4},"end":{"line":129,"column":48}},"45":{"start":{"line":130,"column":4},"end":{"line":130,"column":18}},"46":{"start":{"line":134,"column":6},"end":{"line":134,"column":60}},"47":{"start":{"line":135,"column":6},"end":{"line":137,"column":8}},"48":{"start":{"line":138,"column":6},"end":{"line":138,"column":50}},"49":{"start":{"line":139,"column":6},"end":{"line":139,"column":21}},"50":{"start":{"line":140,"column":6},"end":{"line":140,"column":22}},"51":{"start":{"line":143,"column":4},"end":{"line":143,"column":51}},"52":{"start":{"line":144,"column":4},"end":{"line":144,"column":72}},"53":{"start":{"line":144,"column":39},"end":{"line":144,"column":71}},"54":{"start":{"line":145,"column":4},"end":{"line":145,"column":72}},"55":{"start":{"line":145,"column":39},"end":{"line":145,"column":71}},"56":{"start":{"line":148,"column":23},"end":{"line":156,"column":3}},"57":{"start":{"line":149,"column":20},"end":{"line":153,"column":5}},"58":{"start":{"line":154,"column":4},"end":{"line":154,"column":28}},"59":{"start":{"line":155,"column":4},"end":{"line":155,"column":45}},"60":{"start":{"line":158,"column":23},"end":{"line":166,"column":3}},"61":{"start":{"line":159,"column":20},"end":{"line":163,"column":5}},"62":{"start":{"line":164,"column":4},"end":{"line":164,"column":28}},"63":{"start":{"line":165,"column":4},"end":{"line":165,"column":45}},"64":{"start":{"line":172,"column":4},"end":{"line":172,"column":52}},"65":{"start":{"line":172,"column":36},"end":{"line":172,"column":52}},"66":{"start":{"line":173,"column":4},"end":{"line":173,"column":54}},"67":{"start":{"line":173,"column":37},"end":{"line":173,"column":54}},"68":{"start":{"line":174,"column":4},"end":{"line":174,"column":54}},"69":{"start":{"line":174,"column":37},"end":{"line":174,"column":54}},"70":{"start":{"line":175,"column":4},"end":{"line":175,"column":54}},"71":{"start":{"line":175,"column":37},"end":{"line":175,"column":54}},"72":{"start":{"line":176,"column":4},"end":{"line":176,"column":76}},"73":{"start":{"line":176,"column":58},"end":{"line":176,"column":76}},"74":{"start":{"line":177,"column":4},"end":{"line":179,"column":58}},"75":{"start":{"line":177,"column":25},"end":{"line":177,"column":53}},"76":{"start":{"line":178,"column":9},"end":{"line":179,"column":58}},"77":{"start":{"line":178,"column":30},"end":{"line":178,"column":58}},"78":{"start":{"line":179,"column":9},"end":{"line":179,"column":58}},"79":{"start":{"line":179,"column":30},"end":{"line":179,"column":58}},"80":{"start":{"line":180,"column":4},"end":{"line":215,"column":5}},"81":{"start":{"line":183,"column":6},"end":{"line":183,"column":69}},"82":{"start":{"line":184,"column":6},"end":{"line":185,"column":65}},"83":{"start":{"line":187,"column":6},"end":{"line":191,"column":7}},"84":{"start":{"line":189,"column":8},"end":{"line":189,"column":24}},"85":{"start":{"line":192,"column":6},"end":{"line":194,"column":7}},"86":{"start":{"line":193,"column":8},"end":{"line":193,"column":24}},"87":{"start":{"line":195,"column":6},"end":{"line":197,"column":7}},"88":{"start":{"line":196,"column":8},"end":{"line":196,"column":24}},"89":{"start":{"line":201,"column":6},"end":{"line":201,"column":70}},"90":{"start":{"line":202,"column":6},"end":{"line":203,"column":17}},"91":{"start":{"line":205,"column":8},"end":{"line":208,"column":9}},"92":{"start":{"line":206,"column":10},"end":{"line":206,"column":62}},"93":{"start":{"line":207,"column":10},"end":{"line":207,"column":26}},"94":{"start":{"line":209,"column":8},"end":{"line":211,"column":9}},"95":{"start":{"line":210,"column":10},"end":{"line":210,"column":26}},"96":{"start":{"line":212,"column":8},"end":{"line":214,"column":9}},"97":{"start":{"line":213,"column":10},"end":{"line":213,"column":26}},"98":{"start":{"line":217,"column":4},"end":{"line":219,"column":6}},"99":{"start":{"line":218,"column":6},"end":{"line":218,"column":83}},"100":{"start":{"line":218,"column":45},"end":{"line":218,"column":82}},"101":{"start":{"line":221,"column":4},"end":{"line":221,"column":16}},"102":{"start":{"line":225,"column":21},"end":{"line":244,"column":3}},"103":{"start":{"line":226,"column":4},"end":{"line":243,"column":5}},"104":{"start":{"line":227,"column":6},"end":{"line":242,"column":8}},"105":{"start":{"line":231,"column":22},"end":{"line":237,"column":11}},"106":{"start":{"line":232,"column":21},"end":{"line":237,"column":9}},"107":{"start":{"line":238,"column":8},"end":{"line":238,"column":20}},"108":{"start":{"line":241,"column":8},"end":{"line":241,"column":20}}},"fnMap":{"0":{"name":"(anonymous_0)","decl":{"start":{"line":8,"column":29},"end":{"line":8,"column":30}},"loc":{"start":{"line":8,"column":47},"end":{"line":28,"column":1}},"line":8},"1":{"name":"(anonymous_1)","decl":{"start":{"line":10,"column":16},"end":{"line":10,"column":17}},"loc":{"start":{"line":10,"column":24},"end":{"line":27,"column":5}},"line":10},"2":{"name":"(anonymous_2)","decl":{"start":{"line":30,"column":20},"end":{"line":30,"column":21}},"loc":{"start":{"line":30,"column":30},"end":{"line":53,"column":1}},"line":30},"3":{"name":"(anonymous_3)","decl":{"start":{"line":55,"column":21},"end":{"line":55,"column":22}},"loc":{"start":{"line":55,"column":32},"end":{"line":57,"column":1}},"line":55},"4":{"name":"(anonymous_4)","decl":{"start":{"line":56,"column":43},"end":{"line":56,"column":44}},"loc":{"start":{"line":56,"column":51},"end":{"line":56,"column":61}},"line":56},"5":{"name":"(anonymous_5)","decl":{"start":{"line":59,"column":25},"end":{"line":59,"column":26}},"loc":{"start":{"line":59,"column":36},"end":{"line":68,"column":1}},"line":59},"6":{"name":"(anonymous_6)","decl":{"start":{"line":71,"column":2},"end":{"line":71,"column":3}},"loc":{"start":{"line":71,"column":68},"end":{"line":79,"column":3}},"line":71},"7":{"name":"(anonymous_7)","decl":{"start":{"line":75,"column":28},"end":{"line":75,"column":29}},"loc":{"start":{"line":75,"column":35},"end":{"line":75,"column":70}},"line":75},"8":{"name":"(anonymous_8)","decl":{"start":{"line":76,"column":28},"end":{"line":76,"column":29}},"loc":{"start":{"line":76,"column":35},"end":{"line":76,"column":70}},"line":76},"9":{"name":"(anonymous_9)","decl":{"start":{"line":77,"column":28},"end":{"line":77,"column":29}},"loc":{"start":{"line":77,"column":35},"end":{"line":77,"column":70}},"line":77},"10":{"name":"(anonymous_10)","decl":{"start":{"line":81,"column":23},"end":{"line":81,"column":24}},"loc":{"start":{"line":81,"column":29},"end":{"line":86,"column":3}},"line":81},"11":{"name":"(anonymous_11)","decl":{"start":{"line":118,"column":2},"end":{"line":118,"column":3}},"loc":{"start":{"line":118,"column":35},"end":{"line":146,"column":3}},"line":118},"12":{"name":"(anonymous_12)","decl":{"start":{"line":124,"column":18},"end":{"line":124,"column":19}},"loc":{"start":{"line":124,"column":23},"end":{"line":126,"column":5}},"line":124},"13":{"name":"(anonymous_13)","decl":{"start":{"line":144,"column":32},"end":{"line":144,"column":33}},"loc":{"start":{"line":144,"column":39},"end":{"line":144,"column":71}},"line":144},"14":{"name":"(anonymous_14)","decl":{"start":{"line":145,"column":32},"end":{"line":145,"column":33}},"loc":{"start":{"line":145,"column":39},"end":{"line":145,"column":71}},"line":145},"15":{"name":"(anonymous_15)","decl":{"start":{"line":148,"column":23},"end":{"line":148,"column":24}},"loc":{"start":{"line":148,"column":36},"end":{"line":156,"column":3}},"line":148},"16":{"name":"(anonymous_16)","decl":{"start":{"line":158,"column":23},"end":{"line":158,"column":24}},"loc":{"start":{"line":158,"column":36},"end":{"line":166,"column":3}},"line":158},"17":{"name":"(anonymous_17)","decl":{"start":{"line":168,"column":2},"end":{"line":168,"column":3}},"loc":{"start":{"line":168,"column":37},"end":{"line":223,"column":3}},"line":168},"18":{"name":"(anonymous_18)","decl":{"start":{"line":217,"column":18},"end":{"line":217,"column":19}},"loc":{"start":{"line":217,"column":26},"end":{"line":219,"column":5}},"line":217},"19":{"name":"(anonymous_19)","decl":{"start":{"line":218,"column":38},"end":{"line":218,"column":39}},"loc":{"start":{"line":218,"column":45},"end":{"line":218,"column":82}},"line":218},"20":{"name":"(anonymous_20)","decl":{"start":{"line":225,"column":21},"end":{"line":225,"column":22}},"loc":{"start":{"line":225,"column":27},"end":{"line":244,"column":3}},"line":225},"21":{"name":"(anonymous_21)","decl":{"start":{"line":230,"column":12},"end":{"line":230,"column":13}},"loc":{"start":{"line":230,"column":24},"end":{"line":239,"column":7}},"line":230},"22":{"name":"(anonymous_22)","decl":{"start":{"line":232,"column":13},"end":{"line":232,"column":14}},"loc":{"start":{"line":232,"column":21},"end":{"line":237,"column":9}},"line":232},"23":{"name":"(anonymous_23)","decl":{"start":{"line":240,"column":13},"end":{"line":240,"column":14}},"loc":{"start":{"line":240,"column":22},"end":{"line":242,"column":7}},"line":240}},"branchMap":{"0":{"loc":{"start":{"line":9,"column":9},"end":{"line":27,"column":11}},"type":"cond-expr","locations":[{"start":{"line":10,"column":4},"end":{"line":27,"column":6}},{"start":{"line":27,"column":9},"end":{"line":27,"column":11}}],"line":9},"1":{"loc":{"start":{"line":9,"column":10},"end":{"line":9,"column":29}},"type":"binary-expr","locations":[{"start":{"line":9,"column":10},"end":{"line":9,"column":14}},{"start":{"line":9,"column":18},"end":{"line":9,"column":29}}],"line":9},"2":{"loc":{"start":{"line":14,"column":6},"end":{"line":24,"column":7}},"type":"if","locations":[{"start":{"line":14,"column":6},"end":{"line":24,"column":7}},{"start":{"line":14,"column":6},"end":{"line":24,"column":7}}],"line":14},"3":{"loc":{"start":{"line":32,"column":20},"end":{"line":33,"column":40}},"type":"cond-expr","locations":[{"start":{"line":33,"column":4},"end":{"line":33,"column":35}},{"start":{"line":33,"column":38},"end":{"line":33,"column":40}}],"line":32},"4":{"loc":{"start":{"line":34,"column":19},"end":{"line":35,"column":53}},"type":"cond-expr","locations":[{"start":{"line":35,"column":2},"end":{"line":35,"column":33}},{"start":{"line":35,"column":36},"end":{"line":35,"column":53}}],"line":34},"5":{"loc":{"start":{"line":56,"column":9},"end":{"line":56,"column":76}},"type":"cond-expr","locations":[{"start":{"line":56,"column":33},"end":{"line":56,"column":71}},{"start":{"line":56,"column":74},"end":{"line":56,"column":76}}],"line":56},"6":{"loc":{"start":{"line":56,"column":9},"end":{"line":56,"column":30}},"type":"binary-expr","locations":[{"start":{"line":56,"column":9},"end":{"line":56,"column":14}},{"start":{"line":56,"column":18},"end":{"line":56,"column":30}}],"line":56},"7":{"loc":{"start":{"line":60,"column":2},"end":{"line":67,"column":3}},"type":"switch","locations":[{"start":{"line":61,"column":4},"end":{"line":62,"column":22}},{"start":{"line":63,"column":4},"end":{"line":64,"column":23}},{"start":{"line":65,"column":4},"end":{"line":66,"column":22}}],"line":60},"8":{"loc":{"start":{"line":85,"column":4},"end":{"line":85,"column":96}},"type":"if","locations":[{"start":{"line":85,"column":4},"end":{"line":85,"column":96}},{"start":{"line":85,"column":4},"end":{"line":85,"column":96}}],"line":85},"9":{"loc":{"start":{"line":120,"column":4},"end":{"line":120,"column":75}},"type":"if","locations":[{"start":{"line":120,"column":4},"end":{"line":120,"column":75}},{"start":{"line":120,"column":4},"end":{"line":120,"column":75}}],"line":120},"10":{"loc":{"start":{"line":120,"column":8},"end":{"line":120,"column":57}},"type":"binary-expr","locations":[{"start":{"line":120,"column":8},"end":{"line":120,"column":34}},{"start":{"line":120,"column":38},"end":{"line":120,"column":57}}],"line":120},"11":{"loc":{"start":{"line":121,"column":4},"end":{"line":121,"column":71}},"type":"if","locations":[{"start":{"line":121,"column":4},"end":{"line":121,"column":71}},{"start":{"line":121,"column":4},"end":{"line":121,"column":71}}],"line":121},"12":{"loc":{"start":{"line":121,"column":8},"end":{"line":121,"column":52}},"type":"binary-expr","locations":[{"start":{"line":121,"column":8},"end":{"line":121,"column":29}},{"start":{"line":121,"column":33},"end":{"line":121,"column":52}}],"line":121},"13":{"loc":{"start":{"line":122,"column":4},"end":{"line":141,"column":5}},"type":"if","locations":[{"start":{"line":122,"column":4},"end":{"line":141,"column":5}},{"start":{"line":122,"column":4},"end":{"line":141,"column":5}}],"line":122},"14":{"loc":{"start":{"line":172,"column":4},"end":{"line":172,"column":52}},"type":"if","locations":[{"start":{"line":172,"column":4},"end":{"line":172,"column":52}},{"start":{"line":172,"column":4},"end":{"line":172,"column":52}}],"line":172},"15":{"loc":{"start":{"line":173,"column":4},"end":{"line":173,"column":54}},"type":"if","locations":[{"start":{"line":173,"column":4},"end":{"line":173,"column":54}},{"start":{"line":173,"column":4},"end":{"line":173,"column":54}}],"line":173},"16":{"loc":{"start":{"line":174,"column":4},"end":{"line":174,"column":54}},"type":"if","locations":[{"start":{"line":174,"column":4},"end":{"line":174,"column":54}},{"start":{"line":174,"column":4},"end":{"line":174,"column":54}}],"line":174},"17":{"loc":{"start":{"line":175,"column":4},"end":{"line":175,"column":54}},"type":"if","locations":[{"start":{"line":175,"column":4},"end":{"line":175,"column":54}},{"start":{"line":175,"column":4},"end":{"line":175,"column":54}}],"line":175},"18":{"loc":{"start":{"line":176,"column":4},"end":{"line":176,"column":76}},"type":"if","locations":[{"start":{"line":176,"column":4},"end":{"line":176,"column":76}},{"start":{"line":176,"column":4},"end":{"line":176,"column":76}}],"line":176},"19":{"loc":{"start":{"line":176,"column":8},"end":{"line":176,"column":56}},"type":"binary-expr","locations":[{"start":{"line":176,"column":8},"end":{"line":176,"column":32}},{"start":{"line":176,"column":36},"end":{"line":176,"column":56}}],"line":176},"20":{"loc":{"start":{"line":177,"column":4},"end":{"line":179,"column":58}},"type":"if","locations":[{"start":{"line":177,"column":4},"end":{"line":179,"column":58}},{"start":{"line":177,"column":4},"end":{"line":179,"column":58}}],"line":177},"21":{"loc":{"start":{"line":178,"column":9},"end":{"line":179,"column":58}},"type":"if","locations":[{"start":{"line":178,"column":9},"end":{"line":179,"column":58}},{"start":{"line":178,"column":9},"end":{"line":179,"column":58}}],"line":178},"22":{"loc":{"start":{"line":179,"column":9},"end":{"line":179,"column":58}},"type":"if","locations":[{"start":{"line":179,"column":9},"end":{"line":179,"column":58}},{"start":{"line":179,"column":9},"end":{"line":179,"column":58}}],"line":179},"23":{"loc":{"start":{"line":180,"column":4},"end":{"line":215,"column":5}},"type":"if","locations":[{"start":{"line":180,"column":4},"end":{"line":215,"column":5}},{"start":{"line":180,"column":4},"end":{"line":215,"column":5}}],"line":180},"24":{"loc":{"start":{"line":187,"column":6},"end":{"line":191,"column":7}},"type":"if","locations":[{"start":{"line":187,"column":6},"end":{"line":191,"column":7}},{"start":{"line":187,"column":6},"end":{"line":191,"column":7}}],"line":187},"25":{"loc":{"start":{"line":192,"column":6},"end":{"line":194,"column":7}},"type":"if","locations":[{"start":{"line":192,"column":6},"end":{"line":194,"column":7}},{"start":{"line":192,"column":6},"end":{"line":194,"column":7}}],"line":192},"26":{"loc":{"start":{"line":195,"column":6},"end":{"line":197,"column":7}},"type":"if","locations":[{"start":{"line":195,"column":6},"end":{"line":197,"column":7}},{"start":{"line":195,"column":6},"end":{"line":197,"column":7}}],"line":195},"27":{"loc":{"start":{"line":205,"column":8},"end":{"line":208,"column":9}},"type":"if","locations":[{"start":{"line":205,"column":8},"end":{"line":208,"column":9}},{"start":{"line":205,"column":8},"end":{"line":208,"column":9}}],"line":205},"28":{"loc":{"start":{"line":209,"column":8},"end":{"line":211,"column":9}},"type":"if","locations":[{"start":{"line":209,"column":8},"end":{"line":211,"column":9}},{"start":{"line":209,"column":8},"end":{"line":211,"column":9}}],"line":209},"29":{"loc":{"start":{"line":212,"column":8},"end":{"line":214,"column":9}},"type":"if","locations":[{"start":{"line":212,"column":8},"end":{"line":214,"column":9}},{"start":{"line":212,"column":8},"end":{"line":214,"column":9}}],"line":212},"30":{"loc":{"start":{"line":226,"column":4},"end":{"line":243,"column":5}},"type":"if","locations":[{"start":{"line":226,"column":4},"end":{"line":243,"column":5}},{"start":{"line":226,"column":4},"end":{"line":243,"column":5}}],"line":226}},"s":{"0":6,"1":44,"2":104,"3":104,"4":104,"5":6,"6":6,"7":6,"8":6,"9":6,"10":6,"11":6,"12":6,"13":6,"14":5,"15":3,"16":1,"17":1,"18":14,"19":14,"20":14,"21":14,"22":0,"23":14,"24":0,"25":14,"26":0,"27":14,"28":14,"29":1,"30":1,"31":1,"32":1,"33":0,"34":3,"35":3,"36":2,"37":3,"38":2,"39":3,"40":2,"41":8,"42":2,"43":2,"44":2,"45":2,"46":1,"47":1,"48":1,"49":1,"50":1,"51":3,"52":3,"53":0,"54":3,"55":0,"56":14,"57":1,"58":1,"59":1,"60":14,"61":1,"62":1,"63":1,"64":5,"65":3,"66":5,"67":3,"68":5,"69":3,"70":5,"71":3,"72":5,"73":5,"74":5,"75":3,"76":2,"77":1,"78":1,"79":1,"80":5,"81":5,"82":5,"83":5,"84":3,"85":5,"86":1,"87":5,"88":1,"89":0,"90":0,"91":0,"92":0,"93":0,"94":0,"95":0,"96":0,"97":0,"98":5,"99":20,"100":3,"101":5,"102":14,"103":5,"104":5,"105":3,"106":12,"107":3,"108":2},"f":{"0":44,"1":104,"2":6,"3":6,"4":6,"5":5,"6":14,"7":0,"8":0,"9":0,"10":1,"11":3,"12":8,"13":0,"14":0,"15":1,"16":1,"17":5,"18":20,"19":3,"20":5,"21":3,"22":12,"23":2},"b":{"0":[26,18],"1":[44,26],"2":[104,0],"3":[0,6],"4":[0,6],"5":[5,1],"6":[6,6],"7":[3,1,1],"8":[0,1],"9":[2,1],"10":[3,3],"11":[2,1],"12":[3,1],"13":[2,1],"14":[3,2],"15":[3,2],"16":[3,2],"17":[3,2],"18":[5,0],"19":[5,2],"20":[3,2],"21":[1,1],"22":[1,0],"23":[5,0],"24":[3,2],"25":[1,4],"26":[1,4],"27":[0,0],"28":[0,0],"29":[0,0],"30":[5,0]},"_coverageSchema":"1a1c01bbd47fc00a2c39e90264f33305004495a9","hash":"a7d92db075ab4e453b26a0eed5a6fcd4b8b31988"}
,"/Users/justinecroizer/Desktop/bill-app/Billed-app-FR-Front/src/containers/Login.js": {"path":"/Users/justinecroizer/Desktop/bill-app/Billed-app-FR-Front/src/containers/Login.js","statementMap":{"0":{"start":{"line":3,"column":31},"end":{"line":3,"column":33}},"1":{"start":{"line":8,"column":4},"end":{"line":8,"column":28}},"2":{"start":{"line":9,"column":4},"end":{"line":9,"column":36}},"3":{"start":{"line":10,"column":4},"end":{"line":10,"column":32}},"4":{"start":{"line":11,"column":4},"end":{"line":11,"column":46}},"5":{"start":{"line":12,"column":4},"end":{"line":12,"column":22}},"6":{"start":{"line":13,"column":25},"end":{"line":13,"column":89}},"7":{"start":{"line":14,"column":4},"end":{"line":14,"column":70}},"8":{"start":{"line":15,"column":22},"end":{"line":15,"column":83}},"9":{"start":{"line":16,"column":4},"end":{"line":16,"column":64}},"10":{"start":{"line":19,"column":25},"end":{"line":39,"column":3}},"11":{"start":{"line":20,"column":4},"end":{"line":20,"column":22}},"12":{"start":{"line":21,"column":17},"end":{"line":26,"column":5}},"13":{"start":{"line":27,"column":4},"end":{"line":27,"column":59}},"14":{"start":{"line":28,"column":4},"end":{"line":37,"column":8}},"15":{"start":{"line":30,"column":17},"end":{"line":30,"column":38}},"16":{"start":{"line":33,"column":8},"end":{"line":33,"column":45}},"17":{"start":{"line":34,"column":8},"end":{"line":34,"column":53}},"18":{"start":{"line":35,"column":8},"end":{"line":35,"column":50}},"19":{"start":{"line":36,"column":8},"end":{"line":36,"column":55}},"20":{"start":{"line":41,"column":22},"end":{"line":60,"column":3}},"21":{"start":{"line":42,"column":4},"end":{"line":42,"column":22}},"22":{"start":{"line":43,"column":17},"end":{"line":48,"column":5}},"23":{"start":{"line":49,"column":4},"end":{"line":49,"column":59}},"24":{"start":{"line":50,"column":4},"end":{"line":59,"column":8}},"25":{"start":{"line":52,"column":17},"end":{"line":52,"column":38}},"26":{"start":{"line":55,"column":8},"end":{"line":55,"column":49}},"27":{"start":{"line":56,"column":8},"end":{"line":56,"column":57}},"28":{"start":{"line":57,"column":8},"end":{"line":57,"column":50}},"29":{"start":{"line":58,"column":8},"end":{"line":58,"column":50}},"30":{"start":{"line":63,"column":10},"end":{"line":75,"column":3}},"31":{"start":{"line":64,"column":4},"end":{"line":74,"column":5}},"32":{"start":{"line":65,"column":6},"end":{"line":71,"column":8}},"33":{"start":{"line":70,"column":8},"end":{"line":70,"column":40}},"34":{"start":{"line":73,"column":6},"end":{"line":73,"column":17}},"35":{"start":{"line":78,"column":15},"end":{"line":95,"column":3}},"36":{"start":{"line":79,"column":4},"end":{"line":94,"column":5}},"37":{"start":{"line":80,"column":6},"end":{"line":91,"column":8}},"38":{"start":{"line":89,"column":8},"end":{"line":89,"column":57}},"39":{"start":{"line":90,"column":8},"end":{"line":90,"column":31}},"40":{"start":{"line":93,"column":6},"end":{"line":93,"column":17}}},"fnMap":{"0":{"name":"(anonymous_0)","decl":{"start":{"line":7,"column":2},"end":{"line":7,"column":3}},"loc":{"start":{"line":7,"column":80},"end":{"line":17,"column":3}},"line":7},"1":{"name":"(anonymous_1)","decl":{"start":{"line":19,"column":25},"end":{"line":19,"column":26}},"loc":{"start":{"line":19,"column":30},"end":{"line":39,"column":3}},"line":19},"2":{"name":"(anonymous_2)","decl":{"start":{"line":30,"column":8},"end":{"line":30,"column":9}},"loc":{"start":{"line":30,"column":17},"end":{"line":30,"column":38}},"line":30},"3":{"name":"(anonymous_3)","decl":{"start":{"line":32,"column":12},"end":{"line":32,"column":13}},"loc":{"start":{"line":32,"column":18},"end":{"line":37,"column":7}},"line":32},"4":{"name":"(anonymous_4)","decl":{"start":{"line":41,"column":22},"end":{"line":41,"column":23}},"loc":{"start":{"line":41,"column":27},"end":{"line":60,"column":3}},"line":41},"5":{"name":"(anonymous_5)","decl":{"start":{"line":52,"column":8},"end":{"line":52,"column":9}},"loc":{"start":{"line":52,"column":17},"end":{"line":52,"column":38}},"line":52},"6":{"name":"(anonymous_6)","decl":{"start":{"line":54,"column":12},"end":{"line":54,"column":13}},"loc":{"start":{"line":54,"column":18},"end":{"line":59,"column":7}},"line":54},"7":{"name":"(anonymous_7)","decl":{"start":{"line":63,"column":10},"end":{"line":63,"column":11}},"loc":{"start":{"line":63,"column":20},"end":{"line":75,"column":3}},"line":63},"8":{"name":"(anonymous_8)","decl":{"start":{"line":69,"column":15},"end":{"line":69,"column":16}},"loc":{"start":{"line":69,"column":26},"end":{"line":71,"column":7}},"line":69},"9":{"name":"(anonymous_9)","decl":{"start":{"line":78,"column":15},"end":{"line":78,"column":16}},"loc":{"start":{"line":78,"column":25},"end":{"line":95,"column":3}},"line":78},"10":{"name":"(anonymous_10)","decl":{"start":{"line":88,"column":12},"end":{"line":88,"column":13}},"loc":{"start":{"line":88,"column":18},"end":{"line":91,"column":7}},"line":88}},"branchMap":{"0":{"loc":{"start":{"line":64,"column":4},"end":{"line":74,"column":5}},"type":"if","locations":[{"start":{"line":64,"column":4},"end":{"line":74,"column":5}},{"start":{"line":64,"column":4},"end":{"line":74,"column":5}}],"line":64},"1":{"loc":{"start":{"line":79,"column":4},"end":{"line":94,"column":5}},"type":"if","locations":[{"start":{"line":79,"column":4},"end":{"line":94,"column":5}},{"start":{"line":79,"column":4},"end":{"line":94,"column":5}}],"line":79}},"s":{"0":4,"1":5,"2":5,"3":5,"4":5,"5":5,"6":5,"7":5,"8":5,"9":5,"10":5,"11":2,"12":2,"13":2,"14":2,"15":0,"16":2,"17":2,"18":2,"19":2,"20":5,"21":2,"22":2,"23":2,"24":2,"25":0,"26":2,"27":2,"28":2,"29":2,"30":5,"31":0,"32":0,"33":0,"34":0,"35":5,"36":0,"37":0,"38":0,"39":0,"40":0},"f":{"0":5,"1":2,"2":0,"3":2,"4":2,"5":0,"6":2,"7":0,"8":0,"9":0,"10":0},"b":{"0":[0,0],"1":[0,0]},"_coverageSchema":"1a1c01bbd47fc00a2c39e90264f33305004495a9","hash":"207ee7876c9c328f1196f2e7a019508dedd8efd6"}
,"/Users/justinecroizer/Desktop/bill-app/Billed-app-FR-Front/src/containers/Logout.js": {"path":"/Users/justinecroizer/Desktop/bill-app/Billed-app-FR-Front/src/containers/Logout.js","statementMap":{"0":{"start":{"line":5,"column":4},"end":{"line":5,"column":28}},"1":{"start":{"line":6,"column":4},"end":{"line":6,"column":32}},"2":{"start":{"line":7,"column":4},"end":{"line":7,"column":36}},"3":{"start":{"line":8,"column":4},"end":{"line":8,"column":51}},"4":{"start":{"line":11,"column":16},"end":{"line":14,"column":3}},"5":{"start":{"line":12,"column":4},"end":{"line":12,"column":29}},"6":{"start":{"line":13,"column":4},"end":{"line":13,"column":41}}},"fnMap":{"0":{"name":"(anonymous_0)","decl":{"start":{"line":4,"column":2},"end":{"line":4,"column":3}},"loc":{"start":{"line":4,"column":54},"end":{"line":9,"column":3}},"line":4},"1":{"name":"(anonymous_1)","decl":{"start":{"line":11,"column":16},"end":{"line":11,"column":17}},"loc":{"start":{"line":11,"column":23},"end":{"line":14,"column":3}},"line":11}},"branchMap":{},"s":{"0":46,"1":46,"2":46,"3":46,"4":46,"5":2,"6":2},"f":{"0":46,"1":2},"b":{},"_coverageSchema":"1a1c01bbd47fc00a2c39e90264f33305004495a9","hash":"5099c205de3a6943504b30ef8816457462bb9a9f"}
,"/Users/justinecroizer/Desktop/bill-app/Billed-app-FR-Front/src/containers/NewBill.js": {"path":"/Users/justinecroizer/Desktop/bill-app/Billed-app-FR-Front/src/containers/NewBill.js","statementMap":{"0":{"start":{"line":6,"column":4},"end":{"line":6,"column":28}},"1":{"start":{"line":7,"column":4},"end":{"line":7,"column":32}},"2":{"start":{"line":8,"column":4},"end":{"line":8,"column":22}},"3":{"start":{"line":9,"column":24},"end":{"line":9,"column":88}},"4":{"start":{"line":10,"column":4},"end":{"line":10,"column":61}},"5":{"start":{"line":11,"column":17},"end":{"line":11,"column":73}},"6":{"start":{"line":12,"column":4},"end":{"line":12,"column":21}},"7":{"start":{"line":13,"column":4},"end":{"line":13,"column":64}},"8":{"start":{"line":13,"column":42},"end":{"line":13,"column":63}},"9":{"start":{"line":14,"column":4},"end":{"line":14,"column":23}},"10":{"start":{"line":15,"column":4},"end":{"line":15,"column":24}},"11":{"start":{"line":16,"column":4},"end":{"line":16,"column":22}},"12":{"start":{"line":17,"column":4},"end":{"line":17,"column":54}},"13":{"start":{"line":20,"column":21},"end":{"line":57,"column":3}},"14":{"start":{"line":22,"column":4},"end":{"line":22,"column":19}},"15":{"start":{"line":23,"column":4},"end":{"line":23,"column":22}},"16":{"start":{"line":24,"column":17},"end":{"line":24,"column":82}},"17":{"start":{"line":25,"column":4},"end":{"line":25,"column":21}},"18":{"start":{"line":26,"column":21},"end":{"line":26,"column":48}},"19":{"start":{"line":27,"column":21},"end":{"line":27,"column":48}},"20":{"start":{"line":28,"column":21},"end":{"line":28,"column":35}},"21":{"start":{"line":29,"column":18},"end":{"line":29,"column":64}},"22":{"start":{"line":30,"column":41},"end":{"line":30,"column":73}},"23":{"start":{"line":31,"column":4},"end":{"line":31,"column":33}},"24":{"start":{"line":32,"column":4},"end":{"line":32,"column":35}},"25":{"start":{"line":35,"column":25},"end":{"line":35,"column":47}},"26":{"start":{"line":37,"column":4},"end":{"line":41,"column":5}},"27":{"start":{"line":38,"column":6},"end":{"line":38,"column":58}},"28":{"start":{"line":39,"column":17},"end":{"line":39,"column":68}},"29":{"start":{"line":40,"column":6},"end":{"line":40,"column":22}},"30":{"start":{"line":43,"column":4},"end":{"line":56,"column":45}},"31":{"start":{"line":52,"column":8},"end":{"line":52,"column":28}},"32":{"start":{"line":53,"column":8},"end":{"line":53,"column":25}},"33":{"start":{"line":54,"column":8},"end":{"line":54,"column":30}},"34":{"start":{"line":55,"column":8},"end":{"line":55,"column":32}},"35":{"start":{"line":56,"column":24},"end":{"line":56,"column":44}},"36":{"start":{"line":59,"column":17},"end":{"line":79,"column":3}},"37":{"start":{"line":60,"column":4},"end":{"line":60,"column":18}},"38":{"start":{"line":61,"column":4},"end":{"line":61,"column":22}},"39":{"start":{"line":62,"column":4},"end":{"line":62,"column":147}},"40":{"start":{"line":63,"column":18},"end":{"line":63,"column":64}},"41":{"start":{"line":64,"column":17},"end":{"line":76,"column":5}},"42":{"start":{"line":77,"column":4},"end":{"line":77,"column":25}},"43":{"start":{"line":78,"column":4},"end":{"line":78,"column":41}},"44":{"start":{"line":82,"column":15},"end":{"line":92,"column":3}},"45":{"start":{"line":83,"column":4},"end":{"line":91,"column":5}},"46":{"start":{"line":84,"column":6},"end":{"line":90,"column":43}},"47":{"start":{"line":88,"column":8},"end":{"line":88,"column":45}},"48":{"start":{"line":90,"column":22},"end":{"line":90,"column":42}}},"fnMap":{"0":{"name":"(anonymous_0)","decl":{"start":{"line":5,"column":2},"end":{"line":5,"column":3}},"loc":{"start":{"line":5,"column":61},"end":{"line":18,"column":3}},"line":5},"1":{"name":"(anonymous_1)","decl":{"start":{"line":13,"column":36},"end":{"line":13,"column":37}},"loc":{"start":{"line":13,"column":42},"end":{"line":13,"column":63}},"line":13},"2":{"name":"(anonymous_2)","decl":{"start":{"line":20,"column":21},"end":{"line":20,"column":22}},"loc":{"start":{"line":20,"column":26},"end":{"line":57,"column":3}},"line":20},"3":{"name":"(anonymous_3)","decl":{"start":{"line":51,"column":12},"end":{"line":51,"column":13}},"loc":{"start":{"line":51,"column":32},"end":{"line":56,"column":7}},"line":51},"4":{"name":"(anonymous_4)","decl":{"start":{"line":56,"column":15},"end":{"line":56,"column":16}},"loc":{"start":{"line":56,"column":24},"end":{"line":56,"column":44}},"line":56},"5":{"name":"(anonymous_5)","decl":{"start":{"line":59,"column":17},"end":{"line":59,"column":18}},"loc":{"start":{"line":59,"column":22},"end":{"line":79,"column":3}},"line":59},"6":{"name":"(anonymous_6)","decl":{"start":{"line":82,"column":15},"end":{"line":82,"column":16}},"loc":{"start":{"line":82,"column":25},"end":{"line":92,"column":3}},"line":82},"7":{"name":"(anonymous_7)","decl":{"start":{"line":87,"column":12},"end":{"line":87,"column":13}},"loc":{"start":{"line":87,"column":18},"end":{"line":89,"column":7}},"line":87},"8":{"name":"(anonymous_8)","decl":{"start":{"line":90,"column":13},"end":{"line":90,"column":14}},"loc":{"start":{"line":90,"column":22},"end":{"line":90,"column":42}},"line":90}},"branchMap":{"0":{"loc":{"start":{"line":37,"column":4},"end":{"line":41,"column":5}},"type":"if","locations":[{"start":{"line":37,"column":4},"end":{"line":41,"column":5}},{"start":{"line":37,"column":4},"end":{"line":41,"column":5}}],"line":37},"1":{"loc":{"start":{"line":71,"column":11},"end":{"line":71,"column":83}},"type":"binary-expr","locations":[{"start":{"line":71,"column":11},"end":{"line":71,"column":77}},{"start":{"line":71,"column":81},"end":{"line":71,"column":83}}],"line":71},"2":{"loc":{"start":{"line":83,"column":4},"end":{"line":91,"column":5}},"type":"if","locations":[{"start":{"line":83,"column":4},"end":{"line":91,"column":5}},{"start":{"line":83,"column":4},"end":{"line":91,"column":5}}],"line":83}},"s":{"0":15,"1":15,"2":15,"3":15,"4":15,"5":15,"6":15,"7":15,"8":3,"9":15,"10":15,"11":15,"12":15,"13":15,"14":3,"15":3,"16":3,"17":3,"18":3,"19":3,"20":3,"21":3,"22":3,"23":3,"24":3,"25":3,"26":3,"27":0,"28":0,"29":0,"30":3,"31":3,"32":3,"33":3,"34":3,"35":0,"36":15,"37":1,"38":1,"39":1,"40":1,"41":1,"42":1,"43":1,"44":15,"45":1,"46":1,"47":1,"48":0},"f":{"0":15,"1":3,"2":3,"3":3,"4":0,"5":1,"6":1,"7":1,"8":0},"b":{"0":[0,3],"1":[1,1],"2":[1,0]},"_coverageSchema":"1a1c01bbd47fc00a2c39e90264f33305004495a9","hash":"8d7db314aa0e7a2f3201bca77a01721bb98b6881"}
,"/Users/justinecroizer/Desktop/bill-app/Billed-app-FR-Front/src/views/Actions.js": {"path":"/Users/justinecroizer/Desktop/bill-app/Billed-app-FR-Front/src/views/Actions.js","statementMap":{"0":{"start":{"line":5,"column":2},"end":{"line":11,"column":3}}},"fnMap":{"0":{"name":"(anonymous_0)","decl":{"start":{"line":4,"column":15},"end":{"line":4,"column":16}},"loc":{"start":{"line":4,"column":28},"end":{"line":12,"column":1}},"line":4}},"branchMap":{},"s":{"0":10},"f":{"0":10},"b":{},"_coverageSchema":"1a1c01bbd47fc00a2c39e90264f33305004495a9","hash":"e6ec9482c5f3d90468ab9347a656c1e91e6c5026"}
,"/Users/justinecroizer/Desktop/bill-app/Billed-app-FR-Front/src/views/BillsUI.js": {"path":"/Users/justinecroizer/Desktop/bill-app/Billed-app-FR-Front/src/views/BillsUI.js","statementMap":{"0":{"start":{"line":7,"column":12},"end":{"line":20,"column":3}},"1":{"start":{"line":8,"column":2},"end":{"line":19,"column":6}},"2":{"start":{"line":22,"column":13},"end":{"line":33,"column":1}},"3":{"start":{"line":24,"column":18},"end":{"line":24,"column":21}},"4":{"start":{"line":26,"column":2},"end":{"line":26,"column":29}},"5":{"start":{"line":26,"column":12},"end":{"line":26,"column":29}},"6":{"start":{"line":28,"column":2},"end":{"line":30,"column":4}},"7":{"start":{"line":29,"column":4},"end":{"line":29,"column":67}},"8":{"start":{"line":32,"column":2},"end":{"line":32,"column":79}},"9":{"start":{"line":32,"column":55},"end":{"line":32,"column":64}},"10":{"start":{"line":37,"column":16},"end":{"line":52,"column":4}},"11":{"start":{"line":37,"column":23},"end":{"line":52,"column":3}},"12":{"start":{"line":54,"column":2},"end":{"line":58,"column":3}},"13":{"start":{"line":55,"column":4},"end":{"line":55,"column":24}},"14":{"start":{"line":56,"column":9},"end":{"line":58,"column":3}},"15":{"start":{"line":57,"column":4},"end":{"line":57,"column":27}},"16":{"start":{"line":60,"column":2},"end":{"line":88,"column":3}}},"fnMap":{"0":{"name":"(anonymous_0)","decl":{"start":{"line":7,"column":12},"end":{"line":7,"column":13}},"loc":{"start":{"line":7,"column":22},"end":{"line":20,"column":3}},"line":7},"1":{"name":"(anonymous_1)","decl":{"start":{"line":22,"column":13},"end":{"line":22,"column":14}},"loc":{"start":{"line":22,"column":23},"end":{"line":33,"column":1}},"line":22},"2":{"name":"(anonymous_2)","decl":{"start":{"line":28,"column":24},"end":{"line":28,"column":25}},"loc":{"start":{"line":28,"column":38},"end":{"line":30,"column":3}},"line":28},"3":{"name":"(anonymous_3)","decl":{"start":{"line":32,"column":47},"end":{"line":32,"column":48}},"loc":{"start":{"line":32,"column":55},"end":{"line":32,"column":64}},"line":32},"4":{"name":"(anonymous_4)","decl":{"start":{"line":35,"column":15},"end":{"line":35,"column":16}},"loc":{"start":{"line":35,"column":52},"end":{"line":89,"column":1}},"line":35},"5":{"name":"(anonymous_5)","decl":{"start":{"line":37,"column":16},"end":{"line":37,"column":17}},"loc":{"start":{"line":37,"column":23},"end":{"line":52,"column":3}},"line":37}},"branchMap":{"0":{"loc":{"start":{"line":26,"column":2},"end":{"line":26,"column":29}},"type":"if","locations":[{"start":{"line":26,"column":2},"end":{"line":26,"column":29}},{"start":{"line":26,"column":2},"end":{"line":26,"column":29}}],"line":26},"1":{"loc":{"start":{"line":32,"column":9},"end":{"line":32,"column":79}},"type":"cond-expr","locations":[{"start":{"line":32,"column":33},"end":{"line":32,"column":74}},{"start":{"line":32,"column":77},"end":{"line":32,"column":79}}],"line":32},"2":{"loc":{"start":{"line":32,"column":10},"end":{"line":32,"column":29}},"type":"binary-expr","locations":[{"start":{"line":32,"column":10},"end":{"line":32,"column":14}},{"start":{"line":32,"column":18},"end":{"line":32,"column":29}}],"line":32},"3":{"loc":{"start":{"line":54,"column":2},"end":{"line":58,"column":3}},"type":"if","locations":[{"start":{"line":54,"column":2},"end":{"line":58,"column":3}},{"start":{"line":54,"column":2},"end":{"line":58,"column":3}}],"line":54},"4":{"loc":{"start":{"line":56,"column":9},"end":{"line":58,"column":3}},"type":"if","locations":[{"start":{"line":56,"column":9},"end":{"line":58,"column":3}},{"start":{"line":56,"column":9},"end":{"line":58,"column":3}}],"line":56}},"s":{"0":6,"1":8,"2":6,"3":7,"4":7,"5":4,"6":3,"7":9,"8":3,"9":8,"10":34,"11":7,"12":34,"13":13,"14":21,"15":14,"16":7},"f":{"0":8,"1":7,"2":9,"3":8,"4":34,"5":7},"b":{"0":[4,3],"1":[2,1],"2":[3,3],"3":[13,21],"4":[14,7]},"_coverageSchema":"1a1c01bbd47fc00a2c39e90264f33305004495a9","hash":"641ab09f12d344c826cf01ab57d3d44e4e7e15e6"}
,"/Users/justinecroizer/Desktop/bill-app/Billed-app-FR-Front/src/views/DashboardFormUI.js": {"path":"/Users/justinecroizer/Desktop/bill-app/Billed-app-FR-Front/src/views/DashboardFormUI.js","statementMap":{"0":{"start":{"line":7,"column":21},"end":{"line":22,"column":4}},"1":{"start":{"line":7,"column":28},"end":{"line":22,"column":3}},"2":{"start":{"line":26,"column":2},"end":{"line":101,"column":4}}},"fnMap":{"0":{"name":"(anonymous_0)","decl":{"start":{"line":7,"column":21},"end":{"line":7,"column":22}},"loc":{"start":{"line":7,"column":28},"end":{"line":22,"column":3}},"line":7},"1":{"name":"(anonymous_1)","decl":{"start":{"line":24,"column":15},"end":{"line":24,"column":16}},"loc":{"start":{"line":24,"column":25},"end":{"line":102,"column":1}},"line":24}},"branchMap":{"0":{"loc":{"start":{"line":79,"column":9},"end":{"line":89,"column":9}},"type":"cond-expr","locations":[{"start":{"line":79,"column":38},"end":{"line":84,"column":8}},{"start":{"line":84,"column":13},"end":{"line":89,"column":8}}],"line":79},"1":{"loc":{"start":{"line":92,"column":8},"end":{"line":97,"column":13}},"type":"cond-expr","locations":[{"start":{"line":92,"column":37},"end":{"line":97,"column":7}},{"start":{"line":97,"column":11},"end":{"line":97,"column":13}}],"line":92}},"s":{"0":7,"1":9,"2":9},"f":{"0":9,"1":9},"b":{"0":[6,3],"1":[6,3]},"_coverageSchema":"1a1c01bbd47fc00a2c39e90264f33305004495a9","hash":"0e0baee8b2c689c640ddf54b634246797a50f431"}
,"/Users/justinecroizer/Desktop/bill-app/Billed-app-FR-Front/src/views/DashboardUI.js": {"path":"/Users/justinecroizer/Desktop/bill-app/Billed-app-FR-Front/src/views/DashboardUI.js","statementMap":{"0":{"start":{"line":10,"column":2},"end":{"line":14,"column":3}},"1":{"start":{"line":11,"column":4},"end":{"line":11,"column":24}},"2":{"start":{"line":12,"column":9},"end":{"line":14,"column":3}},"3":{"start":{"line":13,"column":4},"end":{"line":13,"column":27}},"4":{"start":{"line":16,"column":2},"end":{"line":48,"column":3}}},"fnMap":{"0":{"name":"(anonymous_0)","decl":{"start":{"line":8,"column":15},"end":{"line":8,"column":16}},"loc":{"start":{"line":8,"column":45},"end":{"line":49,"column":1}},"line":8}},"branchMap":{"0":{"loc":{"start":{"line":10,"column":2},"end":{"line":14,"column":3}},"type":"if","locations":[{"start":{"line":10,"column":2},"end":{"line":14,"column":3}},{"start":{"line":10,"column":2},"end":{"line":14,"column":3}}],"line":10},"1":{"loc":{"start":{"line":12,"column":9},"end":{"line":14,"column":3}},"type":"if","locations":[{"start":{"line":12,"column":9},"end":{"line":14,"column":3}},{"start":{"line":12,"column":9},"end":{"line":14,"column":3}}],"line":12},"2":{"loc":{"start":{"line":22,"column":45},"end":{"line":22,"column":63}},"type":"binary-expr","locations":[{"start":{"line":22,"column":45},"end":{"line":22,"column":49}},{"start":{"line":22,"column":53},"end":{"line":22,"column":63}}],"line":22},"3":{"loc":{"start":{"line":29,"column":43},"end":{"line":29,"column":61}},"type":"binary-expr","locations":[{"start":{"line":29,"column":43},"end":{"line":29,"column":47}},{"start":{"line":29,"column":51},"end":{"line":29,"column":61}}],"line":29},"4":{"loc":{"start":{"line":36,"column":43},"end":{"line":36,"column":61}},"type":"binary-expr","locations":[{"start":{"line":36,"column":43},"end":{"line":36,"column":47}},{"start":{"line":36,"column":51},"end":{"line":36,"column":61}}],"line":36}},"s":{"0":21,"1":6,"2":15,"3":3,"4":12},"f":{"0":21},"b":{"0":[6,15],"1":[3,12],"2":[12,7],"3":[12,7],"4":[12,7]},"_coverageSchema":"1a1c01bbd47fc00a2c39e90264f33305004495a9","hash":"293e268ac91d35948379a5c3bdd9b311fe2d492d"}
,"/Users/justinecroizer/Desktop/bill-app/Billed-app-FR-Front/src/views/ErrorPage.js": {"path":"/Users/justinecroizer/Desktop/bill-app/Billed-app-FR-Front/src/views/ErrorPage.js","statementMap":{"0":{"start":{"line":4,"column":2},"end":{"line":15,"column":3}}},"fnMap":{"0":{"name":"(anonymous_0)","decl":{"start":{"line":3,"column":15},"end":{"line":3,"column":16}},"loc":{"start":{"line":3,"column":26},"end":{"line":16,"column":1}},"line":3}},"branchMap":{"0":{"loc":{"start":{"line":12,"column":12},"end":{"line":12,"column":30}},"type":"cond-expr","locations":[{"start":{"line":12,"column":20},"end":{"line":12,"column":25}},{"start":{"line":12,"column":28},"end":{"line":12,"column":30}}],"line":12}},"s":{"0":19},"f":{"0":19},"b":{"0":[18,1]},"_coverageSchema":"1a1c01bbd47fc00a2c39e90264f33305004495a9","hash":"2069de2dc70ae9bab497132d998fc92800ad0016"}
,"/Users/justinecroizer/Desktop/bill-app/Billed-app-FR-Front/src/views/LoadingPage.js": {"path":"/Users/justinecroizer/Desktop/bill-app/Billed-app-FR-Front/src/views/LoadingPage.js","statementMap":{"0":{"start":{"line":5,"column":2},"end":{"line":12,"column":3}}},"fnMap":{"0":{"name":"(anonymous_0)","decl":{"start":{"line":3,"column":15},"end":{"line":3,"column":16}},"loc":{"start":{"line":3,"column":21},"end":{"line":13,"column":1}},"line":3}},"branchMap":{},"s":{"0":20},"f":{"0":20},"b":{},"_coverageSchema":"1a1c01bbd47fc00a2c39e90264f33305004495a9","hash":"98b3830ead382dc6134a5f5f8e1453b478665d3c"}
,"/Users/justinecroizer/Desktop/bill-app/Billed-app-FR-Front/src/views/LoginUI.js": {"path":"/Users/justinecroizer/Desktop/bill-app/Billed-app-FR-Front/src/views/LoginUI.js","statementMap":{"0":{"start":{"line":4,"column":2},"end":{"line":46,"column":4}}},"fnMap":{"0":{"name":"(anonymous_0)","decl":{"start":{"line":2,"column":15},"end":{"line":2,"column":16}},"loc":{"start":{"line":2,"column":21},"end":{"line":47,"column":1}},"line":2}},"branchMap":{},"s":{"0":25},"f":{"0":25},"b":{},"_coverageSchema":"1a1c01bbd47fc00a2c39e90264f33305004495a9","hash":"a5b73905e2241f3e48205ec3d8e83d79565142dd"}
,"/Users/justinecroizer/Desktop/bill-app/Billed-app-FR-Front/src/views/NewBillUI.js": {"path":"/Users/justinecroizer/Desktop/bill-app/Billed-app-FR-Front/src/views/NewBillUI.js","statementMap":{"0":{"start":{"line":5,"column":2},"end":{"line":73,"column":4}}},"fnMap":{"0":{"name":"(anonymous_0)","decl":{"start":{"line":3,"column":15},"end":{"line":3,"column":16}},"loc":{"start":{"line":3,"column":21},"end":{"line":74,"column":1}},"line":3}},"branchMap":{},"s":{"0":18},"f":{"0":18},"b":{},"_coverageSchema":"1a1c01bbd47fc00a2c39e90264f33305004495a9","hash":"5c0f4735661d8672b081de3ae8a7b81e81b22db4"}
,"/Users/justinecroizer/Desktop/bill-app/Billed-app-FR-Front/src/views/VerticalLayout.js": {"path":"/Users/justinecroizer/Desktop/bill-app/Billed-app-FR-Front/src/views/VerticalLayout.js","statementMap":{"0":{"start":{"line":7,"column":4},"end":{"line":7,"column":51}},"1":{"start":{"line":8,"column":4},"end":{"line":10,"column":5}},"2":{"start":{"line":9,"column":6},"end":{"line":9,"column":29}},"3":{"start":{"line":11,"column":4},"end":{"line":39,"column":5}},"4":{"start":{"line":12,"column":6},"end":{"line":27,"column":7}},"5":{"start":{"line":29,"column":6},"end":{"line":38,"column":7}}},"fnMap":{"0":{"name":"(anonymous_0)","decl":{"start":{"line":5,"column":15},"end":{"line":5,"column":16}},"loc":{"start":{"line":5,"column":27},"end":{"line":40,"column":1}},"line":5}},"branchMap":{"0":{"loc":{"start":{"line":8,"column":4},"end":{"line":10,"column":5}},"type":"if","locations":[{"start":{"line":8,"column":4},"end":{"line":10,"column":5}},{"start":{"line":8,"column":4},"end":{"line":10,"column":5}}],"line":8},"1":{"loc":{"start":{"line":11,"column":4},"end":{"line":39,"column":5}},"type":"if","locations":[{"start":{"line":11,"column":4},"end":{"line":39,"column":5}},{"start":{"line":11,"column":4},"end":{"line":39,"column":5}}],"line":11},"2":{"loc":{"start":{"line":11,"column":8},"end":{"line":11,"column":40}},"type":"binary-expr","locations":[{"start":{"line":11,"column":8},"end":{"line":11,"column":12}},{"start":{"line":11,"column":16},"end":{"line":11,"column":40}}],"line":11}},"s":{"0":77,"1":77,"2":64,"3":77,"4":48,"5":29},"f":{"0":77},"b":{"0":[64,13],"1":[48,29],"2":[77,64]},"_coverageSchema":"1a1c01bbd47fc00a2c39e90264f33305004495a9","hash":"7f26d07883de3383c1149dbc7b2c28752b83be98"}
}
