{"/Users/justinecroizer/Desktop/bill-app/Billed-app-FR-Front/src/constants/routes.js": {"path":"/Users/justinecroizer/Desktop/bill-app/Billed-app-FR-Front/src/constants/routes.js","statementMap":{"0":{"start":{"line":6,"column":27},"end":{"line":11,"column":1}},"1":{"start":{"line":13,"column":22},"end":{"line":26,"column":1}},"2":{"start":{"line":14,"column":2},"end":{"line":25,"column":3}},"3":{"start":{"line":16,"column":6},"end":{"line":16,"column":46}},"4":{"start":{"line":18,"column":6},"end":{"line":18,"column":46}},"5":{"start":{"line":20,"column":6},"end":{"line":20,"column":24}},"6":{"start":{"line":22,"column":6},"end":{"line":22,"column":50}},"7":{"start":{"line":24,"column":6},"end":{"line":24,"column":46}}},"fnMap":{"0":{"name":"(anonymous_0)","decl":{"start":{"line":13,"column":22},"end":{"line":13,"column":23}},"loc":{"start":{"line":13,"column":62},"end":{"line":26,"column":1}},"line":13}},"branchMap":{"0":{"loc":{"start":{"line":14,"column":2},"end":{"line":25,"column":3}},"type":"switch","locations":[{"start":{"line":15,"column":4},"end":{"line":16,"column":46}},{"start":{"line":17,"column":4},"end":{"line":18,"column":46}},{"start":{"line":19,"column":4},"end":{"line":20,"column":24}},{"start":{"line":21,"column":4},"end":{"line":22,"column":50}},{"start":{"line":23,"column":4},"end":{"line":24,"column":46}}],"line":14}},"s":{"0":6,"1":6,"2":42,"3":10,"4":10,"5":9,"6":12,"7":1},"f":{"0":42},"b":{"0":[10,10,9,12,1]},"_coverageSchema":"1a1c01bbd47fc00a2c39e90264f33305004495a9","hash":"54823dbd6b0bf5b08d449b070dd4eef3e36ec576"}
,"/Users/justinecroizer/Desktop/bill-app/Billed-app-FR-Front/src/constants/usersTest.js": {"path":"/Users/justinecroizer/Desktop/bill-app/Billed-app-FR-Front/src/constants/usersTest.js","statementMap":{},"fnMap":{},"branchMap":{},"s":{},"f":{},"b":{},"_coverageSchema":"1a1c01bbd47fc00a2c39e90264f33305004495a9","hash":"8bd63cec027a40719413d216ef351871607d00f0"}
,"/Users/justinecroizer/Desktop/bill-app/Billed-app-FR-Front/src/containers/Bills.js": {"path":"/Users/justinecroizer/Desktop/bill-app/Billed-app-FR-Front/src/containers/Bills.js","statementMap":{"0":{"start":{"line":7,"column":4},"end":{"line":7,"column":28}},"1":{"start":{"line":8,"column":4},"end":{"line":8,"column":32}},"2":{"start":{"line":9,"column":4},"end":{"line":9,"column":22}},"3":{"start":{"line":10,"column":26},"end":{"line":10,"column":86}},"4":{"start":{"line":11,"column":4},"end":{"line":11,"column":87}},"5":{"start":{"line":11,"column":23},"end":{"line":11,"column":87}},"6":{"start":{"line":12,"column":20},"end":{"line":12,"column":62}},"7":{"start":{"line":13,"column":4},"end":{"line":15,"column":6}},"8":{"start":{"line":13,"column":17},"end":{"line":15,"column":6}},"9":{"start":{"line":14,"column":6},"end":{"line":14,"column":73}},"10":{"start":{"line":14,"column":43},"end":{"line":14,"column":72}},"11":{"start":{"line":16,"column":4},"end":{"line":16,"column":54}},"12":{"start":{"line":19,"column":23},"end":{"line":21,"column":3}},"13":{"start":{"line":20,"column":4},"end":{"line":20,"column":43}},"14":{"start":{"line":23,"column":23},"end":{"line":28,"column":3}},"15":{"start":{"line":24,"column":20},"end":{"line":24,"column":54}},"16":{"start":{"line":25,"column":21},"end":{"line":25,"column":63}},"17":{"start":{"line":26,"column":4},"end":{"line":26,"column":168}},"18":{"start":{"line":27,"column":4},"end":{"line":27,"column":34}},"19":{"start":{"line":30,"column":13},"end":{"line":59,"column":3}},"20":{"start":{"line":31,"column":4},"end":{"line":58,"column":5}},"21":{"start":{"line":32,"column":6},"end":{"line":57,"column":10}},"22":{"start":{"line":36,"column":24},"end":{"line":55,"column":14}},"23":{"start":{"line":37,"column":29},"end":{"line":37,"column":55}},"24":{"start":{"line":39,"column":14},"end":{"line":54,"column":15}},"25":{"start":{"line":40,"column":16},"end":{"line":44,"column":17}},"26":{"start":{"line":48,"column":16},"end":{"line":48,"column":42}},"27":{"start":{"line":49,"column":16},"end":{"line":53,"column":17}},"28":{"start":{"line":56,"column":10},"end":{"line":56,"column":22}}},"fnMap":{"0":{"name":"(anonymous_0)","decl":{"start":{"line":6,"column":2},"end":{"line":6,"column":3}},"loc":{"start":{"line":6,"column":61},"end":{"line":17,"column":3}},"line":6},"1":{"name":"(anonymous_1)","decl":{"start":{"line":13,"column":33},"end":{"line":13,"column":34}},"loc":{"start":{"line":13,"column":41},"end":{"line":15,"column":5}},"line":13},"2":{"name":"(anonymous_2)","decl":{"start":{"line":14,"column":37},"end":{"line":14,"column":38}},"loc":{"start":{"line":14,"column":43},"end":{"line":14,"column":72}},"line":14},"3":{"name":"(anonymous_3)","decl":{"start":{"line":19,"column":23},"end":{"line":19,"column":24}},"loc":{"start":{"line":19,"column":29},"end":{"line":21,"column":3}},"line":19},"4":{"name":"(anonymous_4)","decl":{"start":{"line":23,"column":23},"end":{"line":23,"column":24}},"loc":{"start":{"line":23,"column":33},"end":{"line":28,"column":3}},"line":23},"5":{"name":"(anonymous_5)","decl":{"start":{"line":30,"column":13},"end":{"line":30,"column":14}},"loc":{"start":{"line":30,"column":19},"end":{"line":59,"column":3}},"line":30},"6":{"name":"(anonymous_6)","decl":{"start":{"line":35,"column":14},"end":{"line":35,"column":15}},"loc":{"start":{"line":35,"column":26},"end":{"line":57,"column":9}},"line":35},"7":{"name":"(anonymous_7)","decl":{"start":{"line":37,"column":18},"end":{"line":37,"column":19}},"loc":{"start":{"line":37,"column":29},"end":{"line":37,"column":55}},"line":37},"8":{"name":"(anonymous_8)","decl":{"start":{"line":38,"column":17},"end":{"line":38,"column":18}},"loc":{"start":{"line":38,"column":24},"end":{"line":55,"column":13}},"line":38}},"branchMap":{"0":{"loc":{"start":{"line":11,"column":4},"end":{"line":11,"column":87}},"type":"if","locations":[{"start":{"line":11,"column":4},"end":{"line":11,"column":87}},{"start":{"line":11,"column":4},"end":{"line":11,"column":87}}],"line":11},"1":{"loc":{"start":{"line":13,"column":4},"end":{"line":15,"column":6}},"type":"if","locations":[{"start":{"line":13,"column":4},"end":{"line":15,"column":6}},{"start":{"line":13,"column":4},"end":{"line":15,"column":6}}],"line":13},"2":{"loc":{"start":{"line":31,"column":4},"end":{"line":58,"column":5}},"type":"if","locations":[{"start":{"line":31,"column":4},"end":{"line":58,"column":5}},{"start":{"line":31,"column":4},"end":{"line":58,"column":5}}],"line":31},"3":{"loc":{"start":{"line":37,"column":29},"end":{"line":37,"column":55}},"type":"cond-expr","locations":[{"start":{"line":37,"column":49},"end":{"line":37,"column":50}},{"start":{"line":37,"column":53},"end":{"line":37,"column":55}}],"line":37}},"s":{"0":6,"1":6,"2":6,"3":6,"4":6,"5":4,"6":6,"7":6,"8":6,"9":16,"10":1,"11":6,"12":6,"13":4,"14":6,"15":2,"16":2,"17":2,"18":2,"19":6,"20":4,"21":4,"22":1,"23":6,"24":4,"25":4,"26":0,"27":0,"28":1},"f":{"0":6,"1":16,"2":1,"3":4,"4":2,"5":4,"6":1,"7":6,"8":4},"b":{"0":[4,2],"1":[6,0],"2":[4,0],"3":[3,3]},"_coverageSchema":"1a1c01bbd47fc00a2c39e90264f33305004495a9","hash":"f4f10d1250add90cc0d55363ba3d67ccb7cbefed"}
,"/Users/justinecroizer/Desktop/bill-app/Billed-app-FR-Front/src/containers/Dashboard.js": {"path":"/Users/justinecroizer/Desktop/bill-app/Billed-app-FR-Front/src/containers/Dashboard.js","statementMap":{"0":{"start":{"line":8,"column":29},"end":{"line":28,"column":1}},"1":{"start":{"line":9,"column":2},"end":{"line":27,"column":11}},"2":{"start":{"line":14,"column":6},"end":{"line":24,"column":7}},"3":{"start":{"line":15,"column":8},"end":{"line":15,"column":50}},"4":{"start":{"line":26,"column":6},"end":{"line":26,"column":28}},"5":{"start":{"line":30,"column":20},"end":{"line":53,"column":1}},"6":{"start":{"line":31,"column":28},"end":{"line":31,"column":52}},"7":{"start":{"line":32,"column":20},"end":{"line":33,"column":40}},"8":{"start":{"line":34,"column":19},"end":{"line":35,"column":53}},"9":{"start":{"line":37,"column":2},"end":{"line":52,"column":4}},"10":{"start":{"line":55,"column":21},"end":{"line":57,"column":1}},"11":{"start":{"line":56,"column":2},"end":{"line":56,"column":76}},"12":{"start":{"line":56,"column":51},"end":{"line":56,"column":61}},"13":{"start":{"line":59,"column":25},"end":{"line":68,"column":1}},"14":{"start":{"line":60,"column":2},"end":{"line":67,"column":3}},"15":{"start":{"line":62,"column":6},"end":{"line":62,"column":22}},"16":{"start":{"line":64,"column":6},"end":{"line":64,"column":23}},"17":{"start":{"line":66,"column":6},"end":{"line":66,"column":22}},"18":{"start":{"line":72,"column":4},"end":{"line":72,"column":28}},"19":{"start":{"line":73,"column":4},"end":{"line":73,"column":32}},"20":{"start":{"line":74,"column":4},"end":{"line":74,"column":22}},"21":{"start":{"line":75,"column":4},"end":{"line":75,"column":71}},"22":{"start":{"line":75,"column":35},"end":{"line":75,"column":70}},"23":{"start":{"line":76,"column":4},"end":{"line":76,"column":71}},"24":{"start":{"line":76,"column":35},"end":{"line":76,"column":70}},"25":{"start":{"line":77,"column":4},"end":{"line":77,"column":71}},"26":{"start":{"line":77,"column":35},"end":{"line":77,"column":70}},"27":{"start":{"line":78,"column":4},"end":{"line":78,"column":44}},"28":{"start":{"line":81,"column":23},"end":{"line":86,"column":3}},"29":{"start":{"line":82,"column":20},"end":{"line":82,"column":58}},"30":{"start":{"line":83,"column":21},"end":{"line":83,"column":69}},"31":{"start":{"line":84,"column":4},"end":{"line":84,"column":144}},"32":{"start":{"line":85,"column":4},"end":{"line":85,"column":96}},"33":{"start":{"line":85,"column":60},"end":{"line":85,"column":96}},"34":{"start":{"line":90,"column":4},"end":{"line":90,"column":75}},"35":{"start":{"line":90,"column":59},"end":{"line":90,"column":75}},"36":{"start":{"line":91,"column":4},"end":{"line":91,"column":71}},"37":{"start":{"line":91,"column":54},"end":{"line":91,"column":71}},"38":{"start":{"line":92,"column":4},"end":{"line":109,"column":5}},"39":{"start":{"line":94,"column":4},"end":{"line":96,"column":6}},"40":{"start":{"line":95,"column":6},"end":{"line":95,"column":57}},"41":{"start":{"line":97,"column":4},"end":{"line":97,"column":58}},"42":{"start":{"line":98,"column":4},"end":{"line":98,"column":67}},"43":{"start":{"line":99,"column":4},"end":{"line":99,"column":48}},"44":{"start":{"line":103,"column":6},"end":{"line":103,"column":60}},"45":{"start":{"line":104,"column":6},"end":{"line":106,"column":8}},"46":{"start":{"line":107,"column":6},"end":{"line":107,"column":50}},"47":{"start":{"line":108,"column":6},"end":{"line":108,"column":21}},"48":{"start":{"line":111,"column":4},"end":{"line":111,"column":51}},"49":{"start":{"line":112,"column":4},"end":{"line":112,"column":72}},"50":{"start":{"line":112,"column":39},"end":{"line":112,"column":71}},"51":{"start":{"line":113,"column":4},"end":{"line":113,"column":72}},"52":{"start":{"line":113,"column":39},"end":{"line":113,"column":71}},"53":{"start":{"line":116,"column":23},"end":{"line":124,"column":3}},"54":{"start":{"line":117,"column":20},"end":{"line":121,"column":5}},"55":{"start":{"line":122,"column":4},"end":{"line":122,"column":28}},"56":{"start":{"line":123,"column":4},"end":{"line":123,"column":45}},"57":{"start":{"line":126,"column":23},"end":{"line":134,"column":3}},"58":{"start":{"line":127,"column":20},"end":{"line":131,"column":5}},"59":{"start":{"line":132,"column":4},"end":{"line":132,"column":28}},"60":{"start":{"line":133,"column":4},"end":{"line":133,"column":45}},"61":{"start":{"line":139,"column":4},"end":{"line":139,"column":52}},"62":{"start":{"line":139,"column":36},"end":{"line":139,"column":52}},"63":{"start":{"line":140,"column":4},"end":{"line":140,"column":54}},"64":{"start":{"line":140,"column":37},"end":{"line":140,"column":54}},"65":{"start":{"line":141,"column":4},"end":{"line":141,"column":54}},"66":{"start":{"line":141,"column":37},"end":{"line":141,"column":54}},"67":{"start":{"line":142,"column":4},"end":{"line":142,"column":54}},"68":{"start":{"line":142,"column":37},"end":{"line":142,"column":54}},"69":{"start":{"line":143,"column":4},"end":{"line":143,"column":76}},"70":{"start":{"line":143,"column":58},"end":{"line":143,"column":76}},"71":{"start":{"line":144,"column":4},"end":{"line":146,"column":58}},"72":{"start":{"line":144,"column":25},"end":{"line":144,"column":53}},"73":{"start":{"line":145,"column":9},"end":{"line":146,"column":58}},"74":{"start":{"line":145,"column":30},"end":{"line":145,"column":58}},"75":{"start":{"line":146,"column":9},"end":{"line":146,"column":58}},"76":{"start":{"line":146,"column":30},"end":{"line":146,"column":58}},"77":{"start":{"line":147,"column":4},"end":{"line":177,"column":5}},"78":{"start":{"line":148,"column":6},"end":{"line":148,"column":69}},"79":{"start":{"line":149,"column":6},"end":{"line":150,"column":65}},"80":{"start":{"line":151,"column":6},"end":{"line":153,"column":7}},"81":{"start":{"line":152,"column":8},"end":{"line":152,"column":24}},"82":{"start":{"line":154,"column":6},"end":{"line":156,"column":7}},"83":{"start":{"line":155,"column":8},"end":{"line":155,"column":24}},"84":{"start":{"line":157,"column":6},"end":{"line":159,"column":7}},"85":{"start":{"line":158,"column":8},"end":{"line":158,"column":24}},"86":{"start":{"line":163,"column":6},"end":{"line":163,"column":70}},"87":{"start":{"line":164,"column":6},"end":{"line":165,"column":17}},"88":{"start":{"line":167,"column":8},"end":{"line":170,"column":9}},"89":{"start":{"line":168,"column":10},"end":{"line":168,"column":62}},"90":{"start":{"line":169,"column":10},"end":{"line":169,"column":26}},"91":{"start":{"line":171,"column":8},"end":{"line":173,"column":9}},"92":{"start":{"line":172,"column":10},"end":{"line":172,"column":26}},"93":{"start":{"line":174,"column":8},"end":{"line":176,"column":9}},"94":{"start":{"line":175,"column":10},"end":{"line":175,"column":26}},"95":{"start":{"line":179,"column":4},"end":{"line":181,"column":6}},"96":{"start":{"line":180,"column":6},"end":{"line":180,"column":83}},"97":{"start":{"line":180,"column":45},"end":{"line":180,"column":82}},"98":{"start":{"line":183,"column":4},"end":{"line":183,"column":16}},"99":{"start":{"line":187,"column":21},"end":{"line":206,"column":3}},"100":{"start":{"line":188,"column":4},"end":{"line":205,"column":5}},"101":{"start":{"line":189,"column":6},"end":{"line":204,"column":8}},"102":{"start":{"line":193,"column":22},"end":{"line":199,"column":11}},"103":{"start":{"line":194,"column":21},"end":{"line":199,"column":9}},"104":{"start":{"line":200,"column":8},"end":{"line":200,"column":20}},"105":{"start":{"line":203,"column":8},"end":{"line":203,"column":20}}},"fnMap":{"0":{"name":"(anonymous_0)","decl":{"start":{"line":8,"column":29},"end":{"line":8,"column":30}},"loc":{"start":{"line":8,"column":47},"end":{"line":28,"column":1}},"line":8},"1":{"name":"(anonymous_1)","decl":{"start":{"line":10,"column":16},"end":{"line":10,"column":17}},"loc":{"start":{"line":10,"column":24},"end":{"line":27,"column":5}},"line":10},"2":{"name":"(anonymous_2)","decl":{"start":{"line":30,"column":20},"end":{"line":30,"column":21}},"loc":{"start":{"line":30,"column":30},"end":{"line":53,"column":1}},"line":30},"3":{"name":"(anonymous_3)","decl":{"start":{"line":55,"column":21},"end":{"line":55,"column":22}},"loc":{"start":{"line":55,"column":32},"end":{"line":57,"column":1}},"line":55},"4":{"name":"(anonymous_4)","decl":{"start":{"line":56,"column":43},"end":{"line":56,"column":44}},"loc":{"start":{"line":56,"column":51},"end":{"line":56,"column":61}},"line":56},"5":{"name":"(anonymous_5)","decl":{"start":{"line":59,"column":25},"end":{"line":59,"column":26}},"loc":{"start":{"line":59,"column":36},"end":{"line":68,"column":1}},"line":59},"6":{"name":"(anonymous_6)","decl":{"start":{"line":71,"column":2},"end":{"line":71,"column":3}},"loc":{"start":{"line":71,"column":68},"end":{"line":79,"column":3}},"line":71},"7":{"name":"(anonymous_7)","decl":{"start":{"line":75,"column":28},"end":{"line":75,"column":29}},"loc":{"start":{"line":75,"column":35},"end":{"line":75,"column":70}},"line":75},"8":{"name":"(anonymous_8)","decl":{"start":{"line":76,"column":28},"end":{"line":76,"column":29}},"loc":{"start":{"line":76,"column":35},"end":{"line":76,"column":70}},"line":76},"9":{"name":"(anonymous_9)","decl":{"start":{"line":77,"column":28},"end":{"line":77,"column":29}},"loc":{"start":{"line":77,"column":35},"end":{"line":77,"column":70}},"line":77},"10":{"name":"(anonymous_10)","decl":{"start":{"line":81,"column":23},"end":{"line":81,"column":24}},"loc":{"start":{"line":81,"column":29},"end":{"line":86,"column":3}},"line":81},"11":{"name":"(anonymous_11)","decl":{"start":{"line":88,"column":1},"end":{"line":88,"column":2}},"loc":{"start":{"line":88,"column":34},"end":{"line":114,"column":3}},"line":88},"12":{"name":"(anonymous_12)","decl":{"start":{"line":94,"column":18},"end":{"line":94,"column":19}},"loc":{"start":{"line":94,"column":23},"end":{"line":96,"column":5}},"line":94},"13":{"name":"(anonymous_13)","decl":{"start":{"line":112,"column":32},"end":{"line":112,"column":33}},"loc":{"start":{"line":112,"column":39},"end":{"line":112,"column":71}},"line":112},"14":{"name":"(anonymous_14)","decl":{"start":{"line":113,"column":32},"end":{"line":113,"column":33}},"loc":{"start":{"line":113,"column":39},"end":{"line":113,"column":71}},"line":113},"15":{"name":"(anonymous_15)","decl":{"start":{"line":116,"column":23},"end":{"line":116,"column":24}},"loc":{"start":{"line":116,"column":36},"end":{"line":124,"column":3}},"line":116},"16":{"name":"(anonymous_16)","decl":{"start":{"line":126,"column":23},"end":{"line":126,"column":24}},"loc":{"start":{"line":126,"column":36},"end":{"line":134,"column":3}},"line":126},"17":{"name":"(anonymous_17)","decl":{"start":{"line":136,"column":2},"end":{"line":136,"column":3}},"loc":{"start":{"line":136,"column":37},"end":{"line":185,"column":3}},"line":136},"18":{"name":"(anonymous_18)","decl":{"start":{"line":179,"column":18},"end":{"line":179,"column":19}},"loc":{"start":{"line":179,"column":26},"end":{"line":181,"column":5}},"line":179},"19":{"name":"(anonymous_19)","decl":{"start":{"line":180,"column":38},"end":{"line":180,"column":39}},"loc":{"start":{"line":180,"column":45},"end":{"line":180,"column":82}},"line":180},"20":{"name":"(anonymous_20)","decl":{"start":{"line":187,"column":21},"end":{"line":187,"column":22}},"loc":{"start":{"line":187,"column":27},"end":{"line":206,"column":3}},"line":187},"21":{"name":"(anonymous_21)","decl":{"start":{"line":192,"column":12},"end":{"line":192,"column":13}},"loc":{"start":{"line":192,"column":24},"end":{"line":201,"column":7}},"line":192},"22":{"name":"(anonymous_22)","decl":{"start":{"line":194,"column":13},"end":{"line":194,"column":14}},"loc":{"start":{"line":194,"column":21},"end":{"line":199,"column":9}},"line":194},"23":{"name":"(anonymous_23)","decl":{"start":{"line":202,"column":13},"end":{"line":202,"column":14}},"loc":{"start":{"line":202,"column":22},"end":{"line":204,"column":7}},"line":202}},"branchMap":{"0":{"loc":{"start":{"line":9,"column":9},"end":{"line":27,"column":11}},"type":"cond-expr","locations":[{"start":{"line":10,"column":4},"end":{"line":27,"column":6}},{"start":{"line":27,"column":9},"end":{"line":27,"column":11}}],"line":9},"1":{"loc":{"start":{"line":9,"column":10},"end":{"line":9,"column":29}},"type":"binary-expr","locations":[{"start":{"line":9,"column":10},"end":{"line":9,"column":14}},{"start":{"line":9,"column":18},"end":{"line":9,"column":29}}],"line":9},"2":{"loc":{"start":{"line":14,"column":6},"end":{"line":24,"column":7}},"type":"if","locations":[{"start":{"line":14,"column":6},"end":{"line":24,"column":7}},{"start":{"line":14,"column":6},"end":{"line":24,"column":7}}],"line":14},"3":{"loc":{"start":{"line":32,"column":20},"end":{"line":33,"column":40}},"type":"cond-expr","locations":[{"start":{"line":33,"column":4},"end":{"line":33,"column":35}},{"start":{"line":33,"column":38},"end":{"line":33,"column":40}}],"line":32},"4":{"loc":{"start":{"line":34,"column":19},"end":{"line":35,"column":53}},"type":"cond-expr","locations":[{"start":{"line":35,"column":2},"end":{"line":35,"column":33}},{"start":{"line":35,"column":36},"end":{"line":35,"column":53}}],"line":34},"5":{"loc":{"start":{"line":56,"column":9},"end":{"line":56,"column":76}},"type":"cond-expr","locations":[{"start":{"line":56,"column":33},"end":{"line":56,"column":71}},{"start":{"line":56,"column":74},"end":{"line":56,"column":76}}],"line":56},"6":{"loc":{"start":{"line":56,"column":9},"end":{"line":56,"column":30}},"type":"binary-expr","locations":[{"start":{"line":56,"column":9},"end":{"line":56,"column":14}},{"start":{"line":56,"column":18},"end":{"line":56,"column":30}}],"line":56},"7":{"loc":{"start":{"line":60,"column":2},"end":{"line":67,"column":3}},"type":"switch","locations":[{"start":{"line":61,"column":4},"end":{"line":62,"column":22}},{"start":{"line":63,"column":4},"end":{"line":64,"column":23}},{"start":{"line":65,"column":4},"end":{"line":66,"column":22}}],"line":60},"8":{"loc":{"start":{"line":85,"column":4},"end":{"line":85,"column":96}},"type":"if","locations":[{"start":{"line":85,"column":4},"end":{"line":85,"column":96}},{"start":{"line":85,"column":4},"end":{"line":85,"column":96}}],"line":85},"9":{"loc":{"start":{"line":90,"column":4},"end":{"line":90,"column":75}},"type":"if","locations":[{"start":{"line":90,"column":4},"end":{"line":90,"column":75}},{"start":{"line":90,"column":4},"end":{"line":90,"column":75}}],"line":90},"10":{"loc":{"start":{"line":90,"column":8},"end":{"line":90,"column":57}},"type":"binary-expr","locations":[{"start":{"line":90,"column":8},"end":{"line":90,"column":34}},{"start":{"line":90,"column":38},"end":{"line":90,"column":57}}],"line":90},"11":{"loc":{"start":{"line":91,"column":4},"end":{"line":91,"column":71}},"type":"if","locations":[{"start":{"line":91,"column":4},"end":{"line":91,"column":71}},{"start":{"line":91,"column":4},"end":{"line":91,"column":71}}],"line":91},"12":{"loc":{"start":{"line":91,"column":8},"end":{"line":91,"column":52}},"type":"binary-expr","locations":[{"start":{"line":91,"column":8},"end":{"line":91,"column":29}},{"start":{"line":91,"column":33},"end":{"line":91,"column":52}}],"line":91},"13":{"loc":{"start":{"line":92,"column":4},"end":{"line":109,"column":5}},"type":"if","locations":[{"start":{"line":92,"column":4},"end":{"line":109,"column":5}},{"start":{"line":92,"column":4},"end":{"line":109,"column":5}}],"line":92},"14":{"loc":{"start":{"line":139,"column":4},"end":{"line":139,"column":52}},"type":"if","locations":[{"start":{"line":139,"column":4},"end":{"line":139,"column":52}},{"start":{"line":139,"column":4},"end":{"line":139,"column":52}}],"line":139},"15":{"loc":{"start":{"line":140,"column":4},"end":{"line":140,"column":54}},"type":"if","locations":[{"start":{"line":140,"column":4},"end":{"line":140,"column":54}},{"start":{"line":140,"column":4},"end":{"line":140,"column":54}}],"line":140},"16":{"loc":{"start":{"line":141,"column":4},"end":{"line":141,"column":54}},"type":"if","locations":[{"start":{"line":141,"column":4},"end":{"line":141,"column":54}},{"start":{"line":141,"column":4},"end":{"line":141,"column":54}}],"line":141},"17":{"loc":{"start":{"line":142,"column":4},"end":{"line":142,"column":54}},"type":"if","locations":[{"start":{"line":142,"column":4},"end":{"line":142,"column":54}},{"start":{"line":142,"column":4},"end":{"line":142,"column":54}}],"line":142},"18":{"loc":{"start":{"line":143,"column":4},"end":{"line":143,"column":76}},"type":"if","locations":[{"start":{"line":143,"column":4},"end":{"line":143,"column":76}},{"start":{"line":143,"column":4},"end":{"line":143,"column":76}}],"line":143},"19":{"loc":{"start":{"line":143,"column":8},"end":{"line":143,"column":56}},"type":"binary-expr","locations":[{"start":{"line":143,"column":8},"end":{"line":143,"column":32}},{"start":{"line":143,"column":36},"end":{"line":143,"column":56}}],"line":143},"20":{"loc":{"start":{"line":144,"column":4},"end":{"line":146,"column":58}},"type":"if","locations":[{"start":{"line":144,"column":4},"end":{"line":146,"column":58}},{"start":{"line":144,"column":4},"end":{"line":146,"column":58}}],"line":144},"21":{"loc":{"start":{"line":145,"column":9},"end":{"line":146,"column":58}},"type":"if","locations":[{"start":{"line":145,"column":9},"end":{"line":146,"column":58}},{"start":{"line":145,"column":9},"end":{"line":146,"column":58}}],"line":145},"22":{"loc":{"start":{"line":146,"column":9},"end":{"line":146,"column":58}},"type":"if","locations":[{"start":{"line":146,"column":9},"end":{"line":146,"column":58}},{"start":{"line":146,"column":9},"end":{"line":146,"column":58}}],"line":146},"23":{"loc":{"start":{"line":147,"column":4},"end":{"line":177,"column":5}},"type":"if","locations":[{"start":{"line":147,"column":4},"end":{"line":177,"column":5}},{"start":{"line":147,"column":4},"end":{"line":177,"column":5}}],"line":147},"24":{"loc":{"start":{"line":151,"column":6},"end":{"line":153,"column":7}},"type":"if","locations":[{"start":{"line":151,"column":6},"end":{"line":153,"column":7}},{"start":{"line":151,"column":6},"end":{"line":153,"column":7}}],"line":151},"25":{"loc":{"start":{"line":154,"column":6},"end":{"line":156,"column":7}},"type":"if","locations":[{"start":{"line":154,"column":6},"end":{"line":156,"column":7}},{"start":{"line":154,"column":6},"end":{"line":156,"column":7}}],"line":154},"26":{"loc":{"start":{"line":157,"column":6},"end":{"line":159,"column":7}},"type":"if","locations":[{"start":{"line":157,"column":6},"end":{"line":159,"column":7}},{"start":{"line":157,"column":6},"end":{"line":159,"column":7}}],"line":157},"27":{"loc":{"start":{"line":167,"column":8},"end":{"line":170,"column":9}},"type":"if","locations":[{"start":{"line":167,"column":8},"end":{"line":170,"column":9}},{"start":{"line":167,"column":8},"end":{"line":170,"column":9}}],"line":167},"28":{"loc":{"start":{"line":171,"column":8},"end":{"line":173,"column":9}},"type":"if","locations":[{"start":{"line":171,"column":8},"end":{"line":173,"column":9}},{"start":{"line":171,"column":8},"end":{"line":173,"column":9}}],"line":171},"29":{"loc":{"start":{"line":174,"column":8},"end":{"line":176,"column":9}},"type":"if","locations":[{"start":{"line":174,"column":8},"end":{"line":176,"column":9}},{"start":{"line":174,"column":8},"end":{"line":176,"column":9}}],"line":174},"30":{"loc":{"start":{"line":188,"column":4},"end":{"line":205,"column":5}},"type":"if","locations":[{"start":{"line":188,"column":4},"end":{"line":205,"column":5}},{"start":{"line":188,"column":4},"end":{"line":205,"column":5}}],"line":188}},"s":{"0":6,"1":40,"2":88,"3":88,"4":88,"5":6,"6":5,"7":5,"8":5,"9":5,"10":6,"11":5,"12":5,"13":6,"14":4,"15":2,"16":1,"17":1,"18":13,"19":13,"20":13,"21":13,"22":0,"23":13,"24":0,"25":13,"26":0,"27":13,"28":13,"29":1,"30":1,"31":1,"32":1,"33":0,"34":1,"35":1,"36":1,"37":1,"38":1,"39":1,"40":4,"41":1,"42":1,"43":1,"44":0,"45":0,"46":0,"47":0,"48":1,"49":1,"50":0,"51":1,"52":0,"53":13,"54":1,"55":1,"56":1,"57":13,"58":1,"59":1,"60":1,"61":4,"62":2,"63":4,"64":2,"65":4,"66":2,"67":4,"68":2,"69":4,"70":4,"71":4,"72":2,"73":2,"74":1,"75":1,"76":1,"77":4,"78":4,"79":4,"80":4,"81":2,"82":4,"83":1,"84":4,"85":1,"86":0,"87":0,"88":0,"89":0,"90":0,"91":0,"92":0,"93":0,"94":0,"95":4,"96":16,"97":1,"98":4,"99":13,"100":5,"101":5,"102":3,"103":12,"104":3,"105":2},"f":{"0":40,"1":88,"2":5,"3":5,"4":5,"5":4,"6":13,"7":0,"8":0,"9":0,"10":1,"11":1,"12":4,"13":0,"14":0,"15":1,"16":1,"17":4,"18":16,"19":1,"20":5,"21":3,"22":12,"23":2},"b":{"0":[22,18],"1":[40,22],"2":[88,0],"3":[0,5],"4":[0,5],"5":[4,1],"6":[5,5],"7":[2,1,1],"8":[0,1],"9":[1,0],"10":[1,1],"11":[1,0],"12":[1,0],"13":[1,0],"14":[2,2],"15":[2,2],"16":[2,2],"17":[2,2],"18":[4,0],"19":[4,2],"20":[2,2],"21":[1,1],"22":[1,0],"23":[4,0],"24":[2,2],"25":[1,3],"26":[1,3],"27":[0,0],"28":[0,0],"29":[0,0],"30":[5,0]},"_coverageSchema":"1a1c01bbd47fc00a2c39e90264f33305004495a9","hash":"2dc37552c43744961e8c6b643bea7ad974c07b0a"}
,"/Users/justinecroizer/Desktop/bill-app/Billed-app-FR-Front/src/containers/Login.js": {"path":"/Users/justinecroizer/Desktop/bill-app/Billed-app-FR-Front/src/containers/Login.js","statementMap":{"0":{"start":{"line":3,"column":31},"end":{"line":3,"column":33}},"1":{"start":{"line":8,"column":4},"end":{"line":8,"column":28}},"2":{"start":{"line":9,"column":4},"end":{"line":9,"column":36}},"3":{"start":{"line":10,"column":4},"end":{"line":10,"column":32}},"4":{"start":{"line":11,"column":4},"end":{"line":11,"column":46}},"5":{"start":{"line":12,"column":4},"end":{"line":12,"column":22}},"6":{"start":{"line":13,"column":25},"end":{"line":13,"column":89}},"7":{"start":{"line":14,"column":4},"end":{"line":14,"column":70}},"8":{"start":{"line":15,"column":22},"end":{"line":15,"column":83}},"9":{"start":{"line":16,"column":4},"end":{"line":16,"column":64}},"10":{"start":{"line":19,"column":25},"end":{"line":39,"column":3}},"11":{"start":{"line":20,"column":4},"end":{"line":20,"column":22}},"12":{"start":{"line":21,"column":17},"end":{"line":26,"column":5}},"13":{"start":{"line":27,"column":4},"end":{"line":27,"column":59}},"14":{"start":{"line":28,"column":4},"end":{"line":37,"column":8}},"15":{"start":{"line":30,"column":17},"end":{"line":30,"column":38}},"16":{"start":{"line":33,"column":8},"end":{"line":33,"column":45}},"17":{"start":{"line":34,"column":8},"end":{"line":34,"column":53}},"18":{"start":{"line":35,"column":8},"end":{"line":35,"column":50}},"19":{"start":{"line":36,"column":8},"end":{"line":36,"column":55}},"20":{"start":{"line":41,"column":22},"end":{"line":60,"column":3}},"21":{"start":{"line":42,"column":4},"end":{"line":42,"column":22}},"22":{"start":{"line":43,"column":17},"end":{"line":48,"column":5}},"23":{"start":{"line":49,"column":4},"end":{"line":49,"column":59}},"24":{"start":{"line":50,"column":4},"end":{"line":59,"column":8}},"25":{"start":{"line":52,"column":17},"end":{"line":52,"column":38}},"26":{"start":{"line":55,"column":8},"end":{"line":55,"column":49}},"27":{"start":{"line":56,"column":8},"end":{"line":56,"column":57}},"28":{"start":{"line":57,"column":8},"end":{"line":57,"column":50}},"29":{"start":{"line":58,"column":8},"end":{"line":58,"column":50}},"30":{"start":{"line":63,"column":10},"end":{"line":75,"column":3}},"31":{"start":{"line":64,"column":4},"end":{"line":74,"column":5}},"32":{"start":{"line":65,"column":6},"end":{"line":71,"column":8}},"33":{"start":{"line":70,"column":8},"end":{"line":70,"column":40}},"34":{"start":{"line":73,"column":6},"end":{"line":73,"column":17}},"35":{"start":{"line":78,"column":15},"end":{"line":95,"column":3}},"36":{"start":{"line":79,"column":4},"end":{"line":94,"column":5}},"37":{"start":{"line":80,"column":6},"end":{"line":91,"column":8}},"38":{"start":{"line":89,"column":8},"end":{"line":89,"column":57}},"39":{"start":{"line":90,"column":8},"end":{"line":90,"column":31}},"40":{"start":{"line":93,"column":6},"end":{"line":93,"column":17}}},"fnMap":{"0":{"name":"(anonymous_0)","decl":{"start":{"line":7,"column":2},"end":{"line":7,"column":3}},"loc":{"start":{"line":7,"column":80},"end":{"line":17,"column":3}},"line":7},"1":{"name":"(anonymous_1)","decl":{"start":{"line":19,"column":25},"end":{"line":19,"column":26}},"loc":{"start":{"line":19,"column":30},"end":{"line":39,"column":3}},"line":19},"2":{"name":"(anonymous_2)","decl":{"start":{"line":30,"column":8},"end":{"line":30,"column":9}},"loc":{"start":{"line":30,"column":17},"end":{"line":30,"column":38}},"line":30},"3":{"name":"(anonymous_3)","decl":{"start":{"line":32,"column":12},"end":{"line":32,"column":13}},"loc":{"start":{"line":32,"column":18},"end":{"line":37,"column":7}},"line":32},"4":{"name":"(anonymous_4)","decl":{"start":{"line":41,"column":22},"end":{"line":41,"column":23}},"loc":{"start":{"line":41,"column":27},"end":{"line":60,"column":3}},"line":41},"5":{"name":"(anonymous_5)","decl":{"start":{"line":52,"column":8},"end":{"line":52,"column":9}},"loc":{"start":{"line":52,"column":17},"end":{"line":52,"column":38}},"line":52},"6":{"name":"(anonymous_6)","decl":{"start":{"line":54,"column":12},"end":{"line":54,"column":13}},"loc":{"start":{"line":54,"column":18},"end":{"line":59,"column":7}},"line":54},"7":{"name":"(anonymous_7)","decl":{"start":{"line":63,"column":10},"end":{"line":63,"column":11}},"loc":{"start":{"line":63,"column":20},"end":{"line":75,"column":3}},"line":63},"8":{"name":"(anonymous_8)","decl":{"start":{"line":69,"column":15},"end":{"line":69,"column":16}},"loc":{"start":{"line":69,"column":26},"end":{"line":71,"column":7}},"line":69},"9":{"name":"(anonymous_9)","decl":{"start":{"line":78,"column":15},"end":{"line":78,"column":16}},"loc":{"start":{"line":78,"column":25},"end":{"line":95,"column":3}},"line":78},"10":{"name":"(anonymous_10)","decl":{"start":{"line":88,"column":12},"end":{"line":88,"column":13}},"loc":{"start":{"line":88,"column":18},"end":{"line":91,"column":7}},"line":88}},"branchMap":{"0":{"loc":{"start":{"line":64,"column":4},"end":{"line":74,"column":5}},"type":"if","locations":[{"start":{"line":64,"column":4},"end":{"line":74,"column":5}},{"start":{"line":64,"column":4},"end":{"line":74,"column":5}}],"line":64},"1":{"loc":{"start":{"line":79,"column":4},"end":{"line":94,"column":5}},"type":"if","locations":[{"start":{"line":79,"column":4},"end":{"line":94,"column":5}},{"start":{"line":79,"column":4},"end":{"line":94,"column":5}}],"line":79}},"s":{"0":4,"1":5,"2":5,"3":5,"4":5,"5":5,"6":5,"7":5,"8":5,"9":5,"10":5,"11":2,"12":2,"13":2,"14":2,"15":0,"16":2,"17":2,"18":2,"19":2,"20":5,"21":2,"22":2,"23":2,"24":2,"25":0,"26":2,"27":2,"28":2,"29":2,"30":5,"31":0,"32":0,"33":0,"34":0,"35":5,"36":0,"37":0,"38":0,"39":0,"40":0},"f":{"0":5,"1":2,"2":0,"3":2,"4":2,"5":0,"6":2,"7":0,"8":0,"9":0,"10":0},"b":{"0":[0,0],"1":[0,0]},"_coverageSchema":"1a1c01bbd47fc00a2c39e90264f33305004495a9","hash":"207ee7876c9c328f1196f2e7a019508dedd8efd6"}
,"/Users/justinecroizer/Desktop/bill-app/Billed-app-FR-Front/src/containers/Logout.js": {"path":"/Users/justinecroizer/Desktop/bill-app/Billed-app-FR-Front/src/containers/Logout.js","statementMap":{"0":{"start":{"line":5,"column":4},"end":{"line":5,"column":28}},"1":{"start":{"line":6,"column":4},"end":{"line":6,"column":32}},"2":{"start":{"line":7,"column":4},"end":{"line":7,"column":36}},"3":{"start":{"line":8,"column":4},"end":{"line":8,"column":51}},"4":{"start":{"line":11,"column":16},"end":{"line":14,"column":3}},"5":{"start":{"line":12,"column":4},"end":{"line":12,"column":29}},"6":{"start":{"line":13,"column":4},"end":{"line":13,"column":41}}},"fnMap":{"0":{"name":"(anonymous_0)","decl":{"start":{"line":4,"column":2},"end":{"line":4,"column":3}},"loc":{"start":{"line":4,"column":54},"end":{"line":9,"column":3}},"line":4},"1":{"name":"(anonymous_1)","decl":{"start":{"line":11,"column":16},"end":{"line":11,"column":17}},"loc":{"start":{"line":11,"column":23},"end":{"line":14,"column":3}},"line":11}},"branchMap":{},"s":{"0":30,"1":30,"2":30,"3":30,"4":30,"5":2,"6":2},"f":{"0":30,"1":2},"b":{},"_coverageSchema":"1a1c01bbd47fc00a2c39e90264f33305004495a9","hash":"5099c205de3a6943504b30ef8816457462bb9a9f"}
,"/Users/justinecroizer/Desktop/bill-app/Billed-app-FR-Front/src/containers/NewBill.js": {"path":"/Users/justinecroizer/Desktop/bill-app/Billed-app-FR-Front/src/containers/NewBill.js","statementMap":{"0":{"start":{"line":7,"column":4},"end":{"line":7,"column":28}},"1":{"start":{"line":8,"column":4},"end":{"line":8,"column":32}},"2":{"start":{"line":9,"column":4},"end":{"line":9,"column":22}},"3":{"start":{"line":10,"column":24},"end":{"line":10,"column":88}},"4":{"start":{"line":11,"column":4},"end":{"line":11,"column":61}},"5":{"start":{"line":12,"column":17},"end":{"line":12,"column":73}},"6":{"start":{"line":13,"column":4},"end":{"line":13,"column":58}},"7":{"start":{"line":14,"column":4},"end":{"line":14,"column":23}},"8":{"start":{"line":15,"column":4},"end":{"line":15,"column":24}},"9":{"start":{"line":16,"column":4},"end":{"line":16,"column":22}},"10":{"start":{"line":17,"column":4},"end":{"line":17,"column":54}},"11":{"start":{"line":20,"column":21},"end":{"line":55,"column":3}},"12":{"start":{"line":21,"column":4},"end":{"line":21,"column":22}},"13":{"start":{"line":22,"column":17},"end":{"line":22,"column":82}},"14":{"start":{"line":23,"column":4},"end":{"line":23,"column":21}},"15":{"start":{"line":24,"column":21},"end":{"line":24,"column":48}},"16":{"start":{"line":25,"column":21},"end":{"line":25,"column":48}},"17":{"start":{"line":26,"column":21},"end":{"line":26,"column":35}},"18":{"start":{"line":27,"column":18},"end":{"line":27,"column":64}},"19":{"start":{"line":28,"column":41},"end":{"line":28,"column":73}},"20":{"start":{"line":29,"column":4},"end":{"line":29,"column":33}},"21":{"start":{"line":30,"column":4},"end":{"line":30,"column":35}},"22":{"start":{"line":33,"column":25},"end":{"line":33,"column":47}},"23":{"start":{"line":35,"column":4},"end":{"line":39,"column":5}},"24":{"start":{"line":36,"column":6},"end":{"line":36,"column":58}},"25":{"start":{"line":37,"column":17},"end":{"line":37,"column":68}},"26":{"start":{"line":38,"column":6},"end":{"line":38,"column":22}},"27":{"start":{"line":41,"column":4},"end":{"line":54,"column":45}},"28":{"start":{"line":50,"column":8},"end":{"line":50,"column":28}},"29":{"start":{"line":51,"column":8},"end":{"line":51,"column":25}},"30":{"start":{"line":52,"column":8},"end":{"line":52,"column":30}},"31":{"start":{"line":53,"column":8},"end":{"line":53,"column":32}},"32":{"start":{"line":54,"column":24},"end":{"line":54,"column":44}},"33":{"start":{"line":56,"column":17},"end":{"line":75,"column":3}},"34":{"start":{"line":57,"column":4},"end":{"line":57,"column":22}},"35":{"start":{"line":58,"column":4},"end":{"line":58,"column":147}},"36":{"start":{"line":59,"column":18},"end":{"line":59,"column":64}},"37":{"start":{"line":60,"column":17},"end":{"line":72,"column":5}},"38":{"start":{"line":73,"column":4},"end":{"line":73,"column":25}},"39":{"start":{"line":74,"column":4},"end":{"line":74,"column":41}},"40":{"start":{"line":78,"column":15},"end":{"line":88,"column":3}},"41":{"start":{"line":79,"column":4},"end":{"line":87,"column":5}},"42":{"start":{"line":80,"column":6},"end":{"line":86,"column":43}},"43":{"start":{"line":84,"column":8},"end":{"line":84,"column":45}},"44":{"start":{"line":86,"column":22},"end":{"line":86,"column":42}}},"fnMap":{"0":{"name":"(anonymous_0)","decl":{"start":{"line":6,"column":2},"end":{"line":6,"column":3}},"loc":{"start":{"line":6,"column":61},"end":{"line":18,"column":3}},"line":6},"1":{"name":"(anonymous_1)","decl":{"start":{"line":20,"column":21},"end":{"line":20,"column":22}},"loc":{"start":{"line":20,"column":26},"end":{"line":55,"column":3}},"line":20},"2":{"name":"(anonymous_2)","decl":{"start":{"line":49,"column":12},"end":{"line":49,"column":13}},"loc":{"start":{"line":49,"column":32},"end":{"line":54,"column":7}},"line":49},"3":{"name":"(anonymous_3)","decl":{"start":{"line":54,"column":15},"end":{"line":54,"column":16}},"loc":{"start":{"line":54,"column":24},"end":{"line":54,"column":44}},"line":54},"4":{"name":"(anonymous_4)","decl":{"start":{"line":56,"column":17},"end":{"line":56,"column":18}},"loc":{"start":{"line":56,"column":22},"end":{"line":75,"column":3}},"line":56},"5":{"name":"(anonymous_5)","decl":{"start":{"line":78,"column":15},"end":{"line":78,"column":16}},"loc":{"start":{"line":78,"column":25},"end":{"line":88,"column":3}},"line":78},"6":{"name":"(anonymous_6)","decl":{"start":{"line":83,"column":12},"end":{"line":83,"column":13}},"loc":{"start":{"line":83,"column":18},"end":{"line":85,"column":7}},"line":83},"7":{"name":"(anonymous_7)","decl":{"start":{"line":86,"column":13},"end":{"line":86,"column":14}},"loc":{"start":{"line":86,"column":22},"end":{"line":86,"column":42}},"line":86}},"branchMap":{"0":{"loc":{"start":{"line":35,"column":4},"end":{"line":39,"column":5}},"type":"if","locations":[{"start":{"line":35,"column":4},"end":{"line":39,"column":5}},{"start":{"line":35,"column":4},"end":{"line":39,"column":5}}],"line":35},"1":{"loc":{"start":{"line":67,"column":11},"end":{"line":67,"column":83}},"type":"binary-expr","locations":[{"start":{"line":67,"column":11},"end":{"line":67,"column":77}},{"start":{"line":67,"column":81},"end":{"line":67,"column":83}}],"line":67},"2":{"loc":{"start":{"line":79,"column":4},"end":{"line":87,"column":5}},"type":"if","locations":[{"start":{"line":79,"column":4},"end":{"line":87,"column":5}},{"start":{"line":79,"column":4},"end":{"line":87,"column":5}}],"line":79}},"s":{"0":10,"1":10,"2":10,"3":10,"4":10,"5":10,"6":10,"7":10,"8":10,"9":10,"10":10,"11":10,"12":6,"13":6,"14":6,"15":6,"16":6,"17":6,"18":6,"19":6,"20":6,"21":6,"22":6,"23":6,"24":0,"25":0,"26":0,"27":6,"28":6,"29":6,"30":6,"31":6,"32":0,"33":10,"34":1,"35":1,"36":1,"37":1,"38":1,"39":1,"40":10,"41":1,"42":1,"43":1,"44":0},"f":{"0":10,"1":6,"2":6,"3":0,"4":1,"5":1,"6":1,"7":0},"b":{"0":[0,6],"1":[1,1],"2":[1,0]},"_coverageSchema":"1a1c01bbd47fc00a2c39e90264f33305004495a9","hash":"371fed3951e8f65f8754fbb0d7795227ce05c910"}
,"/Users/justinecroizer/Desktop/bill-app/Billed-app-FR-Front/src/views/Actions.js": {"path":"/Users/justinecroizer/Desktop/bill-app/Billed-app-FR-Front/src/views/Actions.js","statementMap":{"0":{"start":{"line":5,"column":2},"end":{"line":11,"column":3}}},"fnMap":{"0":{"name":"(anonymous_0)","decl":{"start":{"line":4,"column":15},"end":{"line":4,"column":16}},"loc":{"start":{"line":4,"column":28},"end":{"line":12,"column":1}},"line":4}},"branchMap":{},"s":{"0":14},"f":{"0":14},"b":{},"_coverageSchema":"1a1c01bbd47fc00a2c39e90264f33305004495a9","hash":"e6ec9482c5f3d90468ab9347a656c1e91e6c5026"}
,"/Users/justinecroizer/Desktop/bill-app/Billed-app-FR-Front/src/views/BillsUI.js": {"path":"/Users/justinecroizer/Desktop/bill-app/Billed-app-FR-Front/src/views/BillsUI.js","statementMap":{"0":{"start":{"line":7,"column":12},"end":{"line":20,"column":3}},"1":{"start":{"line":8,"column":2},"end":{"line":19,"column":6}},"2":{"start":{"line":22,"column":15},"end":{"line":32,"column":3}},"3":{"start":{"line":23,"column":4},"end":{"line":30,"column":5}},"4":{"start":{"line":24,"column":6},"end":{"line":29,"column":8}},"5":{"start":{"line":25,"column":22},"end":{"line":25,"column":40}},"6":{"start":{"line":26,"column":22},"end":{"line":26,"column":40}},"7":{"start":{"line":28,"column":8},"end":{"line":28,"column":38}},"8":{"start":{"line":31,"column":4},"end":{"line":31,"column":76}},"9":{"start":{"line":31,"column":52},"end":{"line":31,"column":61}},"10":{"start":{"line":49,"column":16},"end":{"line":64,"column":4}},"11":{"start":{"line":49,"column":23},"end":{"line":64,"column":3}},"12":{"start":{"line":66,"column":2},"end":{"line":70,"column":3}},"13":{"start":{"line":67,"column":4},"end":{"line":67,"column":24}},"14":{"start":{"line":68,"column":9},"end":{"line":70,"column":3}},"15":{"start":{"line":69,"column":4},"end":{"line":69,"column":27}},"16":{"start":{"line":72,"column":2},"end":{"line":100,"column":3}}},"fnMap":{"0":{"name":"(anonymous_0)","decl":{"start":{"line":7,"column":12},"end":{"line":7,"column":13}},"loc":{"start":{"line":7,"column":22},"end":{"line":20,"column":3}},"line":7},"1":{"name":"(anonymous_1)","decl":{"start":{"line":22,"column":15},"end":{"line":22,"column":16}},"loc":{"start":{"line":22,"column":25},"end":{"line":32,"column":3}},"line":22},"2":{"name":"(anonymous_2)","decl":{"start":{"line":24,"column":16},"end":{"line":24,"column":17}},"loc":{"start":{"line":24,"column":26},"end":{"line":29,"column":7}},"line":24},"3":{"name":"(anonymous_3)","decl":{"start":{"line":31,"column":42},"end":{"line":31,"column":43}},"loc":{"start":{"line":31,"column":52},"end":{"line":31,"column":61}},"line":31},"4":{"name":"(anonymous_4)","decl":{"start":{"line":47,"column":15},"end":{"line":47,"column":16}},"loc":{"start":{"line":47,"column":52},"end":{"line":101,"column":1}},"line":47},"5":{"name":"(anonymous_5)","decl":{"start":{"line":49,"column":16},"end":{"line":49,"column":17}},"loc":{"start":{"line":49,"column":23},"end":{"line":64,"column":3}},"line":49}},"branchMap":{"0":{"loc":{"start":{"line":23,"column":4},"end":{"line":30,"column":5}},"type":"if","locations":[{"start":{"line":23,"column":4},"end":{"line":30,"column":5}},{"start":{"line":23,"column":4},"end":{"line":30,"column":5}}],"line":23},"1":{"loc":{"start":{"line":23,"column":8},"end":{"line":23,"column":27}},"type":"binary-expr","locations":[{"start":{"line":23,"column":8},"end":{"line":23,"column":12}},{"start":{"line":23,"column":16},"end":{"line":23,"column":27}}],"line":23},"2":{"loc":{"start":{"line":28,"column":15},"end":{"line":28,"column":37}},"type":"cond-expr","locations":[{"start":{"line":28,"column":31},"end":{"line":28,"column":32}},{"start":{"line":28,"column":35},"end":{"line":28,"column":37}}],"line":28},"3":{"loc":{"start":{"line":31,"column":11},"end":{"line":31,"column":76}},"type":"cond-expr","locations":[{"start":{"line":31,"column":33},"end":{"line":31,"column":71}},{"start":{"line":31,"column":74},"end":{"line":31,"column":76}}],"line":31},"4":{"loc":{"start":{"line":31,"column":11},"end":{"line":31,"column":30}},"type":"binary-expr","locations":[{"start":{"line":31,"column":11},"end":{"line":31,"column":15}},{"start":{"line":31,"column":19},"end":{"line":31,"column":30}}],"line":31},"5":{"loc":{"start":{"line":66,"column":2},"end":{"line":70,"column":3}},"type":"if","locations":[{"start":{"line":66,"column":2},"end":{"line":70,"column":3}},{"start":{"line":66,"column":2},"end":{"line":70,"column":3}}],"line":66},"6":{"loc":{"start":{"line":68,"column":9},"end":{"line":70,"column":3}},"type":"if","locations":[{"start":{"line":68,"column":9},"end":{"line":70,"column":3}},{"start":{"line":68,"column":9},"end":{"line":70,"column":3}}],"line":68}},"s":{"0":6,"1":12,"2":6,"3":8,"4":3,"5":12,"6":12,"7":12,"8":8,"9":12,"10":15,"11":8,"12":15,"13":3,"14":12,"15":4,"16":8},"f":{"0":12,"1":8,"2":12,"3":12,"4":15,"5":8},"b":{"0":[3,5],"1":[8,4],"2":[9,3],"3":[3,5],"4":[8,4],"5":[3,12],"6":[4,8]},"_coverageSchema":"1a1c01bbd47fc00a2c39e90264f33305004495a9","hash":"27953d02358bd0c6017067a15fda50950917a03d"}
,"/Users/justinecroizer/Desktop/bill-app/Billed-app-FR-Front/src/views/DashboardFormUI.js": {"path":"/Users/justinecroizer/Desktop/bill-app/Billed-app-FR-Front/src/views/DashboardFormUI.js","statementMap":{"0":{"start":{"line":7,"column":21},"end":{"line":22,"column":4}},"1":{"start":{"line":7,"column":28},"end":{"line":22,"column":3}},"2":{"start":{"line":26,"column":2},"end":{"line":101,"column":4}}},"fnMap":{"0":{"name":"(anonymous_0)","decl":{"start":{"line":7,"column":21},"end":{"line":7,"column":22}},"loc":{"start":{"line":7,"column":28},"end":{"line":22,"column":3}},"line":7},"1":{"name":"(anonymous_1)","decl":{"start":{"line":24,"column":15},"end":{"line":24,"column":16}},"loc":{"start":{"line":24,"column":25},"end":{"line":102,"column":1}},"line":24}},"branchMap":{"0":{"loc":{"start":{"line":79,"column":9},"end":{"line":89,"column":9}},"type":"cond-expr","locations":[{"start":{"line":79,"column":38},"end":{"line":84,"column":8}},{"start":{"line":84,"column":13},"end":{"line":89,"column":8}}],"line":79},"1":{"loc":{"start":{"line":92,"column":8},"end":{"line":97,"column":13}},"type":"cond-expr","locations":[{"start":{"line":92,"column":37},"end":{"line":97,"column":7}},{"start":{"line":97,"column":11},"end":{"line":97,"column":13}}],"line":92}},"s":{"0":7,"1":8,"2":8},"f":{"0":8,"1":8},"b":{"0":[5,3],"1":[5,3]},"_coverageSchema":"1a1c01bbd47fc00a2c39e90264f33305004495a9","hash":"0e0baee8b2c689c640ddf54b634246797a50f431"}
,"/Users/justinecroizer/Desktop/bill-app/Billed-app-FR-Front/src/views/DashboardUI.js": {"path":"/Users/justinecroizer/Desktop/bill-app/Billed-app-FR-Front/src/views/DashboardUI.js","statementMap":{"0":{"start":{"line":10,"column":2},"end":{"line":14,"column":3}},"1":{"start":{"line":11,"column":4},"end":{"line":11,"column":24}},"2":{"start":{"line":12,"column":9},"end":{"line":14,"column":3}},"3":{"start":{"line":13,"column":4},"end":{"line":13,"column":27}},"4":{"start":{"line":16,"column":2},"end":{"line":48,"column":3}}},"fnMap":{"0":{"name":"(anonymous_0)","decl":{"start":{"line":8,"column":15},"end":{"line":8,"column":16}},"loc":{"start":{"line":8,"column":45},"end":{"line":49,"column":1}},"line":8}},"branchMap":{"0":{"loc":{"start":{"line":10,"column":2},"end":{"line":14,"column":3}},"type":"if","locations":[{"start":{"line":10,"column":2},"end":{"line":14,"column":3}},{"start":{"line":10,"column":2},"end":{"line":14,"column":3}}],"line":10},"1":{"loc":{"start":{"line":12,"column":9},"end":{"line":14,"column":3}},"type":"if","locations":[{"start":{"line":12,"column":9},"end":{"line":14,"column":3}},{"start":{"line":12,"column":9},"end":{"line":14,"column":3}}],"line":12},"2":{"loc":{"start":{"line":22,"column":45},"end":{"line":22,"column":63}},"type":"binary-expr","locations":[{"start":{"line":22,"column":45},"end":{"line":22,"column":49}},{"start":{"line":22,"column":53},"end":{"line":22,"column":63}}],"line":22},"3":{"loc":{"start":{"line":29,"column":43},"end":{"line":29,"column":61}},"type":"binary-expr","locations":[{"start":{"line":29,"column":43},"end":{"line":29,"column":47}},{"start":{"line":29,"column":51},"end":{"line":29,"column":61}}],"line":29},"4":{"loc":{"start":{"line":36,"column":43},"end":{"line":36,"column":61}},"type":"binary-expr","locations":[{"start":{"line":36,"column":43},"end":{"line":36,"column":47}},{"start":{"line":36,"column":51},"end":{"line":36,"column":61}}],"line":36}},"s":{"0":20,"1":6,"2":14,"3":3,"4":11},"f":{"0":20},"b":{"0":[6,14],"1":[3,11],"2":[11,6],"3":[11,6],"4":[11,6]},"_coverageSchema":"1a1c01bbd47fc00a2c39e90264f33305004495a9","hash":"293e268ac91d35948379a5c3bdd9b311fe2d492d"}
,"/Users/justinecroizer/Desktop/bill-app/Billed-app-FR-Front/src/views/ErrorPage.js": {"path":"/Users/justinecroizer/Desktop/bill-app/Billed-app-FR-Front/src/views/ErrorPage.js","statementMap":{"0":{"start":{"line":4,"column":2},"end":{"line":15,"column":3}}},"fnMap":{"0":{"name":"(anonymous_0)","decl":{"start":{"line":3,"column":15},"end":{"line":3,"column":16}},"loc":{"start":{"line":3,"column":26},"end":{"line":16,"column":1}},"line":3}},"branchMap":{"0":{"loc":{"start":{"line":12,"column":12},"end":{"line":12,"column":30}},"type":"cond-expr","locations":[{"start":{"line":12,"column":20},"end":{"line":12,"column":25}},{"start":{"line":12,"column":28},"end":{"line":12,"column":30}}],"line":12}},"s":{"0":9},"f":{"0":9},"b":{"0":[8,1]},"_coverageSchema":"1a1c01bbd47fc00a2c39e90264f33305004495a9","hash":"2069de2dc70ae9bab497132d998fc92800ad0016"}
,"/Users/justinecroizer/Desktop/bill-app/Billed-app-FR-Front/src/views/LoadingPage.js": {"path":"/Users/justinecroizer/Desktop/bill-app/Billed-app-FR-Front/src/views/LoadingPage.js","statementMap":{"0":{"start":{"line":5,"column":2},"end":{"line":12,"column":3}}},"fnMap":{"0":{"name":"(anonymous_0)","decl":{"start":{"line":3,"column":15},"end":{"line":3,"column":16}},"loc":{"start":{"line":3,"column":21},"end":{"line":13,"column":1}},"line":3}},"branchMap":{},"s":{"0":10},"f":{"0":10},"b":{},"_coverageSchema":"1a1c01bbd47fc00a2c39e90264f33305004495a9","hash":"98b3830ead382dc6134a5f5f8e1453b478665d3c"}
,"/Users/justinecroizer/Desktop/bill-app/Billed-app-FR-Front/src/views/LoginUI.js": {"path":"/Users/justinecroizer/Desktop/bill-app/Billed-app-FR-Front/src/views/LoginUI.js","statementMap":{"0":{"start":{"line":4,"column":2},"end":{"line":46,"column":4}}},"fnMap":{"0":{"name":"(anonymous_0)","decl":{"start":{"line":2,"column":15},"end":{"line":2,"column":16}},"loc":{"start":{"line":2,"column":21},"end":{"line":47,"column":1}},"line":2}},"branchMap":{},"s":{"0":17},"f":{"0":17},"b":{},"_coverageSchema":"1a1c01bbd47fc00a2c39e90264f33305004495a9","hash":"a5b73905e2241f3e48205ec3d8e83d79565142dd"}
,"/Users/justinecroizer/Desktop/bill-app/Billed-app-FR-Front/src/views/NewBillUI.js": {"path":"/Users/justinecroizer/Desktop/bill-app/Billed-app-FR-Front/src/views/NewBillUI.js","statementMap":{"0":{"start":{"line":5,"column":2},"end":{"line":73,"column":4}}},"fnMap":{"0":{"name":"(anonymous_0)","decl":{"start":{"line":3,"column":15},"end":{"line":3,"column":16}},"loc":{"start":{"line":3,"column":21},"end":{"line":74,"column":1}},"line":3}},"branchMap":{},"s":{"0":15},"f":{"0":15},"b":{},"_coverageSchema":"1a1c01bbd47fc00a2c39e90264f33305004495a9","hash":"5c0f4735661d8672b081de3ae8a7b81e81b22db4"}
,"/Users/justinecroizer/Desktop/bill-app/Billed-app-FR-Front/src/views/VerticalLayout.js": {"path":"/Users/justinecroizer/Desktop/bill-app/Billed-app-FR-Front/src/views/VerticalLayout.js","statementMap":{"0":{"start":{"line":7,"column":4},"end":{"line":7,"column":51}},"1":{"start":{"line":8,"column":4},"end":{"line":10,"column":5}},"2":{"start":{"line":9,"column":6},"end":{"line":9,"column":29}},"3":{"start":{"line":11,"column":4},"end":{"line":39,"column":5}},"4":{"start":{"line":12,"column":6},"end":{"line":27,"column":7}},"5":{"start":{"line":29,"column":6},"end":{"line":38,"column":7}}},"fnMap":{"0":{"name":"(anonymous_0)","decl":{"start":{"line":5,"column":15},"end":{"line":5,"column":16}},"loc":{"start":{"line":5,"column":27},"end":{"line":40,"column":1}},"line":5}},"branchMap":{"0":{"loc":{"start":{"line":8,"column":4},"end":{"line":10,"column":5}},"type":"if","locations":[{"start":{"line":8,"column":4},"end":{"line":10,"column":5}},{"start":{"line":8,"column":4},"end":{"line":10,"column":5}}],"line":8},"1":{"loc":{"start":{"line":11,"column":4},"end":{"line":39,"column":5}},"type":"if","locations":[{"start":{"line":11,"column":4},"end":{"line":39,"column":5}},{"start":{"line":11,"column":4},"end":{"line":39,"column":5}}],"line":11},"2":{"loc":{"start":{"line":11,"column":8},"end":{"line":11,"column":40}},"type":"binary-expr","locations":[{"start":{"line":11,"column":8},"end":{"line":11,"column":12}},{"start":{"line":11,"column":16},"end":{"line":11,"column":40}}],"line":11}},"s":{"0":54,"1":54,"2":41,"3":54,"4":26,"5":28},"f":{"0":54},"b":{"0":[41,13],"1":[26,28],"2":[54,41]},"_coverageSchema":"1a1c01bbd47fc00a2c39e90264f33305004495a9","hash":"7f26d07883de3383c1149dbc7b2c28752b83be98"}
}
