TN:
SF:src/constants/routes.js
FN:13,(anonymous_0)
FNF:1
FNH:1
FNDA:42,(anonymous_0)
DA:6,6
DA:13,6
DA:14,42
DA:16,10
DA:18,10
DA:20,9
DA:22,12
DA:24,1
LF:8
LH:8
BRDA:14,0,0,10
BRDA:14,0,1,10
BRDA:14,0,2,9
BRDA:14,0,3,12
BRDA:14,0,4,1
BRF:5
BRH:5
end_of_record
TN:
SF:src/constants/usersTest.js
FNF:0
FNH:0
LF:0
LH:0
BRF:0
BRH:0
end_of_record
TN:
SF:src/containers/Bills.js
FN:6,(anonymous_0)
FN:13,(anonymous_1)
FN:14,(anonymous_2)
FN:19,(anonymous_3)
FN:23,(anonymous_4)
FN:30,(anonymous_5)
FN:35,(anonymous_6)
FN:37,(anonymous_7)
FN:38,(anonymous_8)
FNF:9
FNH:9
FNDA:6,(anonymous_0)
FNDA:16,(anonymous_1)
FNDA:1,(anonymous_2)
FNDA:4,(anonymous_3)
FNDA:2,(anonymous_4)
FNDA:4,(anonymous_5)
FNDA:1,(anonymous_6)
FNDA:6,(anonymous_7)
FNDA:4,(anonymous_8)
DA:7,6
DA:8,6
DA:9,6
DA:10,6
DA:11,6
DA:12,6
DA:13,6
DA:14,16
DA:16,6
DA:19,6
DA:20,4
DA:23,6
DA:24,2
DA:25,2
DA:26,2
DA:27,2
DA:30,6
DA:31,4
DA:32,4
DA:36,1
DA:37,6
DA:39,4
DA:40,4
DA:48,0
DA:49,0
DA:56,1
LF:26
LH:24
BRDA:11,0,0,4
BRDA:11,0,1,2
BRDA:13,1,0,6
BRDA:13,1,1,0
BRDA:31,2,0,4
BRDA:31,2,1,0
BRDA:37,3,0,3
BRDA:37,3,1,3
BRF:8
BRH:6
end_of_record
TN:
SF:src/containers/Dashboard.js
FN:8,(anonymous_0)
FN:10,(anonymous_1)
FN:30,(anonymous_2)
FN:55,(anonymous_3)
FN:56,(anonymous_4)
FN:59,(anonymous_5)
FN:71,(anonymous_6)
FN:75,(anonymous_7)
FN:76,(anonymous_8)
FN:77,(anonymous_9)
FN:81,(anonymous_10)
FN:88,(anonymous_11)
FN:94,(anonymous_12)
FN:112,(anonymous_13)
FN:113,(anonymous_14)
FN:116,(anonymous_15)
FN:126,(anonymous_16)
FN:136,(anonymous_17)
FN:179,(anonymous_18)
FN:180,(anonymous_19)
FN:187,(anonymous_20)
FN:192,(anonymous_21)
FN:194,(anonymous_22)
FN:202,(anonymous_23)
FNF:24
FNH:19
FNDA:40,(anonymous_0)
FNDA:88,(anonymous_1)
FNDA:5,(anonymous_2)
FNDA:5,(anonymous_3)
FNDA:5,(anonymous_4)
FNDA:4,(anonymous_5)
FNDA:13,(anonymous_6)
FNDA:0,(anonymous_7)
FNDA:0,(anonymous_8)
FNDA:0,(anonymous_9)
FNDA:1,(anonymous_10)
FNDA:1,(anonymous_11)
FNDA:4,(anonymous_12)
FNDA:0,(anonymous_13)
FNDA:0,(anonymous_14)
FNDA:1,(anonymous_15)
FNDA:1,(anonymous_16)
FNDA:4,(anonymous_17)
FNDA:16,(anonymous_18)
FNDA:1,(anonymous_19)
FNDA:5,(anonymous_20)
FNDA:3,(anonymous_21)
FNDA:12,(anonymous_22)
FNDA:2,(anonymous_23)
DA:8,6
DA:9,40
DA:14,88
DA:15,88
DA:26,88
DA:30,6
DA:31,5
DA:32,5
DA:34,5
DA:37,5
DA:55,6
DA:56,5
DA:59,6
DA:60,4
DA:62,2
DA:64,1
DA:66,1
DA:72,13
DA:73,13
DA:74,13
DA:75,13
DA:76,13
DA:77,13
DA:78,13
DA:81,13
DA:82,1
DA:83,1
DA:84,1
DA:85,1
DA:90,1
DA:91,1
DA:92,1
DA:94,1
DA:95,4
DA:97,1
DA:98,1
DA:99,1
DA:103,0
DA:104,0
DA:107,0
DA:108,0
DA:111,1
DA:112,1
DA:113,1
DA:116,13
DA:117,1
DA:122,1
DA:123,1
DA:126,13
DA:127,1
DA:132,1
DA:133,1
DA:139,4
DA:140,4
DA:141,4
DA:142,4
DA:143,4
DA:144,4
DA:145,2
DA:146,1
DA:147,4
DA:148,4
DA:149,4
DA:151,4
DA:152,2
DA:154,4
DA:155,1
DA:157,4
DA:158,1
DA:163,0
DA:164,0
DA:167,0
DA:168,0
DA:169,0
DA:171,0
DA:172,0
DA:174,0
DA:175,0
DA:179,4
DA:180,16
DA:183,4
DA:187,13
DA:188,5
DA:189,5
DA:193,3
DA:194,12
DA:200,3
DA:203,2
LF:88
LH:75
BRDA:9,0,0,22
BRDA:9,0,1,18
BRDA:9,1,0,40
BRDA:9,1,1,22
BRDA:14,2,0,88
BRDA:14,2,1,0
BRDA:32,3,0,0
BRDA:32,3,1,5
BRDA:34,4,0,0
BRDA:34,4,1,5
BRDA:56,5,0,4
BRDA:56,5,1,1
BRDA:56,6,0,5
BRDA:56,6,1,5
BRDA:60,7,0,2
BRDA:60,7,1,1
BRDA:60,7,2,1
BRDA:85,8,0,0
BRDA:85,8,1,1
BRDA:90,9,0,1
BRDA:90,9,1,0
BRDA:90,10,0,1
BRDA:90,10,1,1
BRDA:91,11,0,1
BRDA:91,11,1,0
BRDA:91,12,0,1
BRDA:91,12,1,0
BRDA:92,13,0,1
BRDA:92,13,1,0
BRDA:139,14,0,2
BRDA:139,14,1,2
BRDA:140,15,0,2
BRDA:140,15,1,2
BRDA:141,16,0,2
BRDA:141,16,1,2
BRDA:142,17,0,2
BRDA:142,17,1,2
BRDA:143,18,0,4
BRDA:143,18,1,0
BRDA:143,19,0,4
BRDA:143,19,1,2
BRDA:144,20,0,2
BRDA:144,20,1,2
BRDA:145,21,0,1
BRDA:145,21,1,1
BRDA:146,22,0,1
BRDA:146,22,1,0
BRDA:147,23,0,4
BRDA:147,23,1,0
BRDA:151,24,0,2
BRDA:151,24,1,2
BRDA:154,25,0,1
BRDA:154,25,1,3
BRDA:157,26,0,1
BRDA:157,26,1,3
BRDA:167,27,0,0
BRDA:167,27,1,0
BRDA:171,28,0,0
BRDA:171,28,1,0
BRDA:174,29,0,0
BRDA:174,29,1,0
BRDA:188,30,0,5
BRDA:188,30,1,0
BRF:63
BRH:45
end_of_record
TN:
SF:src/containers/Login.js
FN:7,(anonymous_0)
FN:19,(anonymous_1)
FN:30,(anonymous_2)
FN:32,(anonymous_3)
FN:41,(anonymous_4)
FN:52,(anonymous_5)
FN:54,(anonymous_6)
FN:63,(anonymous_7)
FN:69,(anonymous_8)
FN:78,(anonymous_9)
FN:88,(anonymous_10)
FNF:11
FNH:5
FNDA:5,(anonymous_0)
FNDA:2,(anonymous_1)
FNDA:0,(anonymous_2)
FNDA:2,(anonymous_3)
FNDA:2,(anonymous_4)
FNDA:0,(anonymous_5)
FNDA:2,(anonymous_6)
FNDA:0,(anonymous_7)
FNDA:0,(anonymous_8)
FNDA:0,(anonymous_9)
FNDA:0,(anonymous_10)
DA:3,4
DA:8,5
DA:9,5
DA:10,5
DA:11,5
DA:12,5
DA:13,5
DA:14,5
DA:15,5
DA:16,5
DA:19,5
DA:20,2
DA:21,2
DA:27,2
DA:28,2
DA:30,0
DA:33,2
DA:34,2
DA:35,2
DA:36,2
DA:41,5
DA:42,2
DA:43,2
DA:49,2
DA:50,2
DA:52,0
DA:55,2
DA:56,2
DA:57,2
DA:58,2
DA:63,5
DA:64,0
DA:65,0
DA:70,0
DA:73,0
DA:78,5
DA:79,0
DA:80,0
DA:89,0
DA:90,0
DA:93,0
LF:41
LH:30
BRDA:64,0,0,0
BRDA:64,0,1,0
BRDA:79,1,0,0
BRDA:79,1,1,0
BRF:4
BRH:0
end_of_record
TN:
SF:src/containers/Logout.js
FN:4,(anonymous_0)
FN:11,(anonymous_1)
FNF:2
FNH:2
FNDA:30,(anonymous_0)
FNDA:2,(anonymous_1)
DA:5,30
DA:6,30
DA:7,30
DA:8,30
DA:11,30
DA:12,2
DA:13,2
LF:7
LH:7
BRF:0
BRH:0
end_of_record
TN:
SF:src/containers/NewBill.js
FN:6,(anonymous_0)
FN:20,(anonymous_1)
FN:49,(anonymous_2)
FN:54,(anonymous_3)
FN:56,(anonymous_4)
FN:78,(anonymous_5)
FN:83,(anonymous_6)
FN:86,(anonymous_7)
FNF:8
FNH:6
FNDA:10,(anonymous_0)
FNDA:6,(anonymous_1)
FNDA:6,(anonymous_2)
FNDA:0,(anonymous_3)
FNDA:1,(anonymous_4)
FNDA:1,(anonymous_5)
FNDA:1,(anonymous_6)
FNDA:0,(anonymous_7)
DA:7,10
DA:8,10
DA:9,10
DA:10,10
DA:11,10
DA:12,10
DA:13,10
DA:14,10
DA:15,10
DA:16,10
DA:17,10
DA:20,10
DA:21,6
DA:22,6
DA:23,6
DA:24,6
DA:25,6
DA:26,6
DA:27,6
DA:28,6
DA:29,6
DA:30,6
DA:33,6
DA:35,6
DA:36,0
DA:37,0
DA:38,0
DA:41,6
DA:50,6
DA:51,6
DA:52,6
DA:53,6
DA:54,0
DA:56,10
DA:57,1
DA:58,1
DA:59,1
DA:60,1
DA:73,1
DA:74,1
DA:78,10
DA:79,1
DA:80,1
DA:84,1
DA:86,0
LF:45
LH:40
BRDA:35,0,0,0
BRDA:35,0,1,6
BRDA:67,1,0,1
BRDA:67,1,1,1
BRDA:79,2,0,1
BRDA:79,2,1,0
BRF:6
BRH:4
end_of_record
TN:
SF:src/views/Actions.js
FN:4,(anonymous_0)
FNF:1
FNH:1
FNDA:14,(anonymous_0)
DA:5,14
LF:1
LH:1
BRF:0
BRH:0
end_of_record
TN:
SF:src/views/BillsUI.js
FN:7,(anonymous_0)
FN:22,(anonymous_1)
FN:24,(anonymous_2)
FN:31,(anonymous_3)
FN:47,(anonymous_4)
FN:49,(anonymous_5)
FNF:6
FNH:6
FNDA:12,(anonymous_0)
FNDA:8,(anonymous_1)
FNDA:12,(anonymous_2)
FNDA:12,(anonymous_3)
FNDA:15,(anonymous_4)
FNDA:8,(anonymous_5)
DA:7,6
DA:8,12
DA:22,6
DA:23,8
DA:24,3
DA:25,12
DA:26,12
DA:28,12
DA:31,12
DA:49,15
DA:66,15
DA:67,3
DA:68,12
DA:69,4
DA:72,8
LF:15
LH:15
BRDA:23,0,0,3
BRDA:23,0,1,5
BRDA:23,1,0,8
BRDA:23,1,1,4
BRDA:28,2,0,9
BRDA:28,2,1,3
BRDA:31,3,0,3
BRDA:31,3,1,5
BRDA:31,4,0,8
BRDA:31,4,1,4
BRDA:66,5,0,3
BRDA:66,5,1,12
BRDA:68,6,0,4
BRDA:68,6,1,8
BRF:14
BRH:14
end_of_record
TN:
SF:src/views/DashboardFormUI.js
FN:7,(anonymous_0)
FN:24,(anonymous_1)
FNF:2
FNH:2
FNDA:8,(anonymous_0)
FNDA:8,(anonymous_1)
DA:7,8
DA:26,8
LF:2
LH:2
BRDA:79,0,0,5
BRDA:79,0,1,3
BRDA:92,1,0,5
BRDA:92,1,1,3
BRF:4
BRH:4
end_of_record
TN:
SF:src/views/DashboardUI.js
FN:8,(anonymous_0)
FNF:1
FNH:1
FNDA:20,(anonymous_0)
DA:10,20
DA:11,6
DA:12,14
DA:13,3
DA:16,11
LF:5
LH:5
BRDA:10,0,0,6
BRDA:10,0,1,14
BRDA:12,1,0,3
BRDA:12,1,1,11
BRDA:22,2,0,11
BRDA:22,2,1,6
BRDA:29,3,0,11
BRDA:29,3,1,6
BRDA:36,4,0,11
BRDA:36,4,1,6
BRF:10
BRH:10
end_of_record
TN:
SF:src/views/ErrorPage.js
FN:3,(anonymous_0)
FNF:1
FNH:1
FNDA:9,(anonymous_0)
DA:4,9
LF:1
LH:1
BRDA:12,0,0,8
BRDA:12,0,1,1
BRF:2
BRH:2
end_of_record
TN:
SF:src/views/LoadingPage.js
FN:3,(anonymous_0)
FNF:1
FNH:1
FNDA:10,(anonymous_0)
DA:5,10
LF:1
LH:1
BRF:0
BRH:0
end_of_record
TN:
SF:src/views/LoginUI.js
FN:2,(anonymous_0)
FNF:1
FNH:1
FNDA:17,(anonymous_0)
DA:4,17
LF:1
LH:1
BRF:0
BRH:0
end_of_record
TN:
SF:src/views/NewBillUI.js
FN:3,(anonymous_0)
FNF:1
FNH:1
FNDA:15,(anonymous_0)
DA:5,15
LF:1
LH:1
BRF:0
BRH:0
end_of_record
TN:
SF:src/views/VerticalLayout.js
FN:5,(anonymous_0)
FNF:1
FNH:1
FNDA:54,(anonymous_0)
DA:7,54
DA:8,54
DA:9,41
DA:11,54
DA:12,26
DA:29,28
LF:6
LH:6
BRDA:8,0,0,41
BRDA:8,0,1,13
BRDA:11,1,0,26
BRDA:11,1,1,28
BRDA:11,2,0,54
BRDA:11,2,1,41
BRF:6
BRH:6
end_of_record
