TN:
SF:src/constants/routes.js
FN:13,(anonymous_0)
FNF:1
FNH:1
FNDA:73,(anonymous_0)
DA:6,6
DA:13,6
DA:14,73
DA:16,18
DA:18,30
DA:20,12
DA:22,12
DA:24,1
LF:8
LH:8
BRDA:14,0,0,18
BRDA:14,0,1,30
BRDA:14,0,2,12
BRDA:14,0,3,12
BRDA:14,0,4,1
BRF:5
BRH:5
end_of_record
TN:
SF:src/constants/usersTest.js
FNF:0
FNH:0
LF:0
LH:0
BRF:0
BRH:0
end_of_record
TN:
SF:src/containers/Bills.js
FN:6,(anonymous_0)
FN:13,(anonymous_1)
FN:14,(anonymous_2)
FN:19,(anonymous_3)
FN:23,(anonymous_4)
FN:34,(anonymous_5)
FN:39,(anonymous_6)
FN:41,(anonymous_7)
FN:42,(anonymous_8)
FNF:9
FNH:6
FNDA:16,(anonymous_0)
FNDA:56,(anonymous_1)
FNDA:4,(anonymous_2)
FNDA:3,(anonymous_3)
FNDA:6,(anonymous_4)
FNDA:13,(anonymous_5)
FNDA:0,(anonymous_6)
FNDA:0,(anonymous_7)
FNDA:0,(anonymous_8)
DA:7,16
DA:8,16
DA:9,16
DA:10,16
DA:11,16
DA:12,16
DA:13,16
DA:14,56
DA:16,16
DA:19,16
DA:20,3
DA:23,16
DA:24,6
DA:25,6
DA:26,6
DA:28,6
DA:29,2
DA:34,16
DA:35,13
DA:36,13
DA:40,0
DA:41,0
DA:43,0
DA:44,0
DA:52,0
DA:53,0
DA:60,0
LF:27
LH:20
BRDA:11,0,0,14
BRDA:11,0,1,2
BRDA:13,1,0,16
BRDA:13,1,1,0
BRDA:28,2,0,2
BRDA:28,2,1,4
BRDA:35,3,0,13
BRDA:35,3,1,0
BRDA:41,4,0,0
BRDA:41,4,1,0
BRF:10
BRH:6
end_of_record
TN:
SF:src/containers/Dashboard.js
FN:8,(anonymous_0)
FN:10,(anonymous_1)
FN:30,(anonymous_2)
FN:55,(anonymous_3)
FN:56,(anonymous_4)
FN:59,(anonymous_5)
FN:71,(anonymous_6)
FN:75,(anonymous_7)
FN:76,(anonymous_8)
FN:77,(anonymous_9)
FN:81,(anonymous_10)
FN:118,(anonymous_11)
FN:124,(anonymous_12)
FN:144,(anonymous_13)
FN:145,(anonymous_14)
FN:148,(anonymous_15)
FN:158,(anonymous_16)
FN:168,(anonymous_17)
FN:217,(anonymous_18)
FN:218,(anonymous_19)
FN:225,(anonymous_20)
FN:230,(anonymous_21)
FN:232,(anonymous_22)
FN:240,(anonymous_23)
FNF:24
FNH:19
FNDA:44,(anonymous_0)
FNDA:104,(anonymous_1)
FNDA:6,(anonymous_2)
FNDA:6,(anonymous_3)
FNDA:6,(anonymous_4)
FNDA:5,(anonymous_5)
FNDA:14,(anonymous_6)
FNDA:0,(anonymous_7)
FNDA:0,(anonymous_8)
FNDA:0,(anonymous_9)
FNDA:1,(anonymous_10)
FNDA:3,(anonymous_11)
FNDA:8,(anonymous_12)
FNDA:0,(anonymous_13)
FNDA:0,(anonymous_14)
FNDA:1,(anonymous_15)
FNDA:1,(anonymous_16)
FNDA:5,(anonymous_17)
FNDA:20,(anonymous_18)
FNDA:3,(anonymous_19)
FNDA:5,(anonymous_20)
FNDA:3,(anonymous_21)
FNDA:12,(anonymous_22)
FNDA:2,(anonymous_23)
DA:8,6
DA:9,44
DA:14,104
DA:15,104
DA:26,104
DA:30,6
DA:31,6
DA:32,6
DA:34,6
DA:37,6
DA:55,6
DA:56,6
DA:59,6
DA:60,5
DA:62,3
DA:64,1
DA:66,1
DA:72,14
DA:73,14
DA:74,14
DA:75,14
DA:76,14
DA:77,14
DA:78,14
DA:81,14
DA:82,1
DA:83,1
DA:84,1
DA:85,1
DA:119,3
DA:120,3
DA:121,3
DA:122,3
DA:124,2
DA:125,8
DA:127,2
DA:128,2
DA:129,2
DA:130,2
DA:134,1
DA:135,1
DA:138,1
DA:139,1
DA:140,1
DA:143,3
DA:144,3
DA:145,3
DA:148,14
DA:149,1
DA:154,1
DA:155,1
DA:158,14
DA:159,1
DA:164,1
DA:165,1
DA:172,5
DA:173,5
DA:174,5
DA:175,5
DA:176,5
DA:177,5
DA:178,2
DA:179,1
DA:180,5
DA:183,5
DA:184,5
DA:187,5
DA:189,3
DA:192,5
DA:193,1
DA:195,5
DA:196,1
DA:201,0
DA:202,0
DA:205,0
DA:206,0
DA:207,0
DA:209,0
DA:210,0
DA:212,0
DA:213,0
DA:217,5
DA:218,20
DA:221,5
DA:225,14
DA:226,5
DA:227,5
DA:231,3
DA:232,12
DA:238,3
DA:241,2
LF:91
LH:82
BRDA:9,0,0,26
BRDA:9,0,1,18
BRDA:9,1,0,44
BRDA:9,1,1,26
BRDA:14,2,0,104
BRDA:14,2,1,0
BRDA:32,3,0,0
BRDA:32,3,1,6
BRDA:34,4,0,0
BRDA:34,4,1,6
BRDA:56,5,0,5
BRDA:56,5,1,1
BRDA:56,6,0,6
BRDA:56,6,1,6
BRDA:60,7,0,3
BRDA:60,7,1,1
BRDA:60,7,2,1
BRDA:85,8,0,0
BRDA:85,8,1,1
BRDA:120,9,0,2
BRDA:120,9,1,1
BRDA:120,10,0,3
BRDA:120,10,1,3
BRDA:121,11,0,2
BRDA:121,11,1,1
BRDA:121,12,0,3
BRDA:121,12,1,1
BRDA:122,13,0,2
BRDA:122,13,1,1
BRDA:172,14,0,3
BRDA:172,14,1,2
BRDA:173,15,0,3
BRDA:173,15,1,2
BRDA:174,16,0,3
BRDA:174,16,1,2
BRDA:175,17,0,3
BRDA:175,17,1,2
BRDA:176,18,0,5
BRDA:176,18,1,0
BRDA:176,19,0,5
BRDA:176,19,1,2
BRDA:177,20,0,3
BRDA:177,20,1,2
BRDA:178,21,0,1
BRDA:178,21,1,1
BRDA:179,22,0,1
BRDA:179,22,1,0
BRDA:180,23,0,5
BRDA:180,23,1,0
BRDA:187,24,0,3
BRDA:187,24,1,2
BRDA:192,25,0,1
BRDA:192,25,1,4
BRDA:195,26,0,1
BRDA:195,26,1,4
BRDA:205,27,0,0
BRDA:205,27,1,0
BRDA:209,28,0,0
BRDA:209,28,1,0
BRDA:212,29,0,0
BRDA:212,29,1,0
BRDA:226,30,0,5
BRDA:226,30,1,0
BRF:63
BRH:49
end_of_record
TN:
SF:src/containers/Login.js
FN:7,(anonymous_0)
FN:19,(anonymous_1)
FN:30,(anonymous_2)
FN:32,(anonymous_3)
FN:41,(anonymous_4)
FN:52,(anonymous_5)
FN:54,(anonymous_6)
FN:63,(anonymous_7)
FN:69,(anonymous_8)
FN:78,(anonymous_9)
FN:88,(anonymous_10)
FNF:11
FNH:5
FNDA:5,(anonymous_0)
FNDA:2,(anonymous_1)
FNDA:0,(anonymous_2)
FNDA:2,(anonymous_3)
FNDA:2,(anonymous_4)
FNDA:0,(anonymous_5)
FNDA:2,(anonymous_6)
FNDA:0,(anonymous_7)
FNDA:0,(anonymous_8)
FNDA:0,(anonymous_9)
FNDA:0,(anonymous_10)
DA:3,4
DA:8,5
DA:9,5
DA:10,5
DA:11,5
DA:12,5
DA:13,5
DA:14,5
DA:15,5
DA:16,5
DA:19,5
DA:20,2
DA:21,2
DA:27,2
DA:28,2
DA:30,0
DA:33,2
DA:34,2
DA:35,2
DA:36,2
DA:41,5
DA:42,2
DA:43,2
DA:49,2
DA:50,2
DA:52,0
DA:55,2
DA:56,2
DA:57,2
DA:58,2
DA:63,5
DA:64,0
DA:65,0
DA:70,0
DA:73,0
DA:78,5
DA:79,0
DA:80,0
DA:89,0
DA:90,0
DA:93,0
LF:41
LH:30
BRDA:64,0,0,0
BRDA:64,0,1,0
BRDA:79,1,0,0
BRDA:79,1,1,0
BRF:4
BRH:0
end_of_record
TN:
SF:src/containers/Logout.js
FN:4,(anonymous_0)
FN:11,(anonymous_1)
FNF:2
FNH:2
FNDA:46,(anonymous_0)
FNDA:2,(anonymous_1)
DA:5,46
DA:6,46
DA:7,46
DA:8,46
DA:11,46
DA:12,2
DA:13,2
LF:7
LH:7
BRF:0
BRH:0
end_of_record
TN:
SF:src/containers/NewBill.js
FN:5,(anonymous_0)
FN:13,(anonymous_1)
FN:20,(anonymous_2)
FN:51,(anonymous_3)
FN:56,(anonymous_4)
FN:59,(anonymous_5)
FN:82,(anonymous_6)
FN:87,(anonymous_7)
FN:90,(anonymous_8)
FNF:9
FNH:7
FNDA:15,(anonymous_0)
FNDA:3,(anonymous_1)
FNDA:3,(anonymous_2)
FNDA:3,(anonymous_3)
FNDA:0,(anonymous_4)
FNDA:1,(anonymous_5)
FNDA:1,(anonymous_6)
FNDA:1,(anonymous_7)
FNDA:0,(anonymous_8)
DA:6,15
DA:7,15
DA:8,15
DA:9,15
DA:10,15
DA:11,15
DA:12,15
DA:13,15
DA:14,15
DA:15,15
DA:16,15
DA:17,15
DA:20,15
DA:22,3
DA:23,3
DA:24,3
DA:25,3
DA:26,3
DA:27,3
DA:28,3
DA:29,3
DA:30,3
DA:31,3
DA:32,3
DA:35,3
DA:37,3
DA:38,0
DA:39,0
DA:40,0
DA:43,3
DA:52,3
DA:53,3
DA:54,3
DA:55,3
DA:56,0
DA:59,15
DA:60,1
DA:61,1
DA:62,1
DA:63,1
DA:64,1
DA:77,1
DA:78,1
DA:82,15
DA:83,1
DA:84,1
DA:88,1
DA:90,0
LF:48
LH:43
BRDA:37,0,0,0
BRDA:37,0,1,3
BRDA:71,1,0,1
BRDA:71,1,1,1
BRDA:83,2,0,1
BRDA:83,2,1,0
BRF:6
BRH:4
end_of_record
TN:
SF:src/views/Actions.js
FN:4,(anonymous_0)
FNF:1
FNH:1
FNDA:10,(anonymous_0)
DA:5,10
LF:1
LH:1
BRF:0
BRH:0
end_of_record
TN:
SF:src/views/BillsUI.js
FN:7,(anonymous_0)
FN:22,(anonymous_1)
FN:28,(anonymous_2)
FN:32,(anonymous_3)
FN:35,(anonymous_4)
FN:37,(anonymous_5)
FNF:6
FNH:6
FNDA:8,(anonymous_0)
FNDA:7,(anonymous_1)
FNDA:9,(anonymous_2)
FNDA:8,(anonymous_3)
FNDA:34,(anonymous_4)
FNDA:7,(anonymous_5)
DA:7,6
DA:8,8
DA:22,6
DA:24,7
DA:26,7
DA:28,3
DA:29,9
DA:32,8
DA:37,34
DA:54,34
DA:55,13
DA:56,21
DA:57,14
DA:60,7
LF:14
LH:14
BRDA:26,0,0,4
BRDA:26,0,1,3
BRDA:32,1,0,2
BRDA:32,1,1,1
BRDA:32,2,0,3
BRDA:32,2,1,3
BRDA:54,3,0,13
BRDA:54,3,1,21
BRDA:56,4,0,14
BRDA:56,4,1,7
BRF:10
BRH:10
end_of_record
TN:
SF:src/views/DashboardFormUI.js
FN:7,(anonymous_0)
FN:24,(anonymous_1)
FNF:2
FNH:2
FNDA:9,(anonymous_0)
FNDA:9,(anonymous_1)
DA:7,9
DA:26,9
LF:2
LH:2
BRDA:79,0,0,6
BRDA:79,0,1,3
BRDA:92,1,0,6
BRDA:92,1,1,3
BRF:4
BRH:4
end_of_record
TN:
SF:src/views/DashboardUI.js
FN:8,(anonymous_0)
FNF:1
FNH:1
FNDA:21,(anonymous_0)
DA:10,21
DA:11,6
DA:12,15
DA:13,3
DA:16,12
LF:5
LH:5
BRDA:10,0,0,6
BRDA:10,0,1,15
BRDA:12,1,0,3
BRDA:12,1,1,12
BRDA:22,2,0,12
BRDA:22,2,1,7
BRDA:29,3,0,12
BRDA:29,3,1,7
BRDA:36,4,0,12
BRDA:36,4,1,7
BRF:10
BRH:10
end_of_record
TN:
SF:src/views/ErrorPage.js
FN:3,(anonymous_0)
FNF:1
FNH:1
FNDA:19,(anonymous_0)
DA:4,19
LF:1
LH:1
BRDA:12,0,0,18
BRDA:12,0,1,1
BRF:2
BRH:2
end_of_record
TN:
SF:src/views/LoadingPage.js
FN:3,(anonymous_0)
FNF:1
FNH:1
FNDA:20,(anonymous_0)
DA:5,20
LF:1
LH:1
BRF:0
BRH:0
end_of_record
TN:
SF:src/views/LoginUI.js
FN:2,(anonymous_0)
FNF:1
FNH:1
FNDA:25,(anonymous_0)
DA:4,25
LF:1
LH:1
BRF:0
BRH:0
end_of_record
TN:
SF:src/views/NewBillUI.js
FN:3,(anonymous_0)
FNF:1
FNH:1
FNDA:18,(anonymous_0)
DA:5,18
LF:1
LH:1
BRF:0
BRH:0
end_of_record
TN:
SF:src/views/VerticalLayout.js
FN:5,(anonymous_0)
FNF:1
FNH:1
FNDA:77,(anonymous_0)
DA:7,77
DA:8,77
DA:9,64
DA:11,77
DA:12,48
DA:29,29
LF:6
LH:6
BRDA:8,0,0,64
BRDA:8,0,1,13
BRDA:11,1,0,48
BRDA:11,1,1,29
BRDA:11,2,0,77
BRDA:11,2,1,64
BRF:6
BRH:6
end_of_record
